[2020-01-15 01:25:04,276][INFO|REP_JOB.py:150] >> ####################START[doSchedule]####################
[2020-01-15 01:25:05,957][INFO|REP_JOB.py:119] >> ####################START[setJob]####################
[2020-01-15 01:25:05,976][INFO|REP_JOB.py:121] >> [{'JOB_ID': 'NVIN001', 'JOB_SEQ': Decimal('1'), 'EXEC_PERD_CD': 'DD', 'EXEC_MM': '', 'EXEC_DD': '', 'EXEC_HH': '00', 'EXEC_MI': '00', 'EXEC_DAY_CD': '', 'CYCL_MI': ''}]
[2020-01-15 01:25:05,977][INFO|REP_JOB.py:147] >> ####################END[setJob]####################
[2020-01-15 01:25:06,004][INFO|REP_JOB.py:12] >> ####################START[doJOB : NVIN001]####################
[2020-01-15 01:25:07,665][INFO|REP_JOB.py:19] >> ####################START[doFunc : {'JOB_ID': 'NVIN001', 'JOB_NM': '네이버부동산 삽입', 'FUNC_ID': 'INS_NV_CMPX', 'FUNC_NM': '네이버 부동산 단지 삽입', 'ACT_ID': 'NV_IN_CMPX', 'ACT_NM': '네이버단지삽입', 'F.FUNC_ID': 'INS_NV_CMPX', 'F.FUNC_NM': '네이버 부동산 단지 삽입'}]####################
[2020-01-15 01:25:07,667][ERROR|REP_JOB.py:65] >> ####################ERROR[doJOB : NVIN001]####################
[2020-01-15 01:27:07,055][INFO|REP_JOB.py:151] >> ####################START[doSchedule]####################
[2020-01-15 01:27:08,697][INFO|REP_JOB.py:120] >> ####################START[setJob]####################
[2020-01-15 01:27:08,704][INFO|REP_JOB.py:122] >> [{'JOB_ID': 'NVIN001', 'JOB_SEQ': Decimal('1'), 'EXEC_PERD_CD': 'DD', 'EXEC_MM': '', 'EXEC_DD': '', 'EXEC_HH': '00', 'EXEC_MI': '00', 'EXEC_DAY_CD': '', 'CYCL_MI': ''}]
[2020-01-15 01:27:08,705][INFO|REP_JOB.py:148] >> ####################END[setJob]####################
[2020-01-15 01:27:08,719][INFO|REP_JOB.py:12] >> ####################START[doJOB : NVIN001]####################
[2020-01-15 01:27:10,347][INFO|REP_JOB.py:19] >> ####################START[doFunc : {'JOB_ID': 'NVIN001', 'JOB_NM': '네이버부동산 삽입', 'FUNC_ID': 'INS_NV_CMPX', 'FUNC_NM': '네이버 부동산 단지 삽입', 'ACT_ID': 'NV_IN_CMPX', 'ACT_NM': '네이버단지삽입', 'F.FUNC_ID': 'INS_NV_CMPX', 'F.FUNC_NM': '네이버 부동산 단지 삽입'}]####################
[2020-01-15 01:27:11,425][INFO|REP_JOB.py:12] >> ####################START[doJOB : NVIN001]####################
[2020-01-15 01:27:13,071][INFO|REP_JOB.py:19] >> ####################START[doFunc : {'JOB_ID': 'NVIN001', 'JOB_NM': '네이버부동산 삽입', 'FUNC_ID': 'INS_NV_CMPX', 'FUNC_NM': '네이버 부동산 단지 삽입', 'ACT_ID': 'NV_IN_CMPX', 'ACT_NM': '네이버단지삽입', 'F.FUNC_ID': 'INS_NV_CMPX', 'F.FUNC_NM': '네이버 부동산 단지 삽입'}]####################
[2020-01-15 01:27:14,133][INFO|REP_JOB.py:12] >> ####################START[doJOB : NVIN001]####################
[2020-01-15 01:27:15,756][INFO|REP_JOB.py:19] >> ####################START[doFunc : {'JOB_ID': 'NVIN001', 'JOB_NM': '네이버부동산 삽입', 'FUNC_ID': 'INS_NV_CMPX', 'FUNC_NM': '네이버 부동산 단지 삽입', 'ACT_ID': 'NV_IN_CMPX', 'ACT_NM': '네이버단지삽입', 'F.FUNC_ID': 'INS_NV_CMPX', 'F.FUNC_NM': '네이버 부동산 단지 삽입'}]####################
[2020-01-15 01:27:16,815][INFO|REP_JOB.py:12] >> ####################START[doJOB : NVIN001]####################
[2020-01-15 01:27:18,482][INFO|REP_JOB.py:19] >> ####################START[doFunc : {'JOB_ID': 'NVIN001', 'JOB_NM': '네이버부동산 삽입', 'FUNC_ID': 'INS_NV_CMPX', 'FUNC_NM': '네이버 부동산 단지 삽입', 'ACT_ID': 'NV_IN_CMPX', 'ACT_NM': '네이버단지삽입', 'F.FUNC_ID': 'INS_NV_CMPX', 'F.FUNC_NM': '네이버 부동산 단지 삽입'}]####################
[2020-01-15 01:27:19,548][INFO|REP_JOB.py:12] >> ####################START[doJOB : NVIN001]####################
[2020-01-15 01:27:21,179][INFO|REP_JOB.py:19] >> ####################START[doFunc : {'JOB_ID': 'NVIN001', 'JOB_NM': '네이버부동산 삽입', 'FUNC_ID': 'INS_NV_CMPX', 'FUNC_NM': '네이버 부동산 단지 삽입', 'ACT_ID': 'NV_IN_CMPX', 'ACT_NM': '네이버단지삽입', 'F.FUNC_ID': 'INS_NV_CMPX', 'F.FUNC_NM': '네이버 부동산 단지 삽입'}]####################
[2020-01-15 01:27:22,231][INFO|REP_JOB.py:12] >> ####################START[doJOB : NVIN001]####################
[2020-01-15 01:34:19,787][INFO|REP_JOB.py:151] >> ####################START[doSchedule]####################
[2020-01-15 01:34:21,452][INFO|REP_JOB.py:120] >> ####################START[setJob]####################
[2020-01-15 01:34:21,462][INFO|REP_JOB.py:122] >> [{'JOB_ID': 'NVIN001', 'JOB_SEQ': Decimal('1'), 'EXEC_PERD_CD': 'DD', 'EXEC_MM': '', 'EXEC_DD': '', 'EXEC_HH': '00', 'EXEC_MI': '00', 'EXEC_DAY_CD': '', 'CYCL_MI': ''}]
[2020-01-15 01:34:21,463][INFO|REP_JOB.py:148] >> ####################END[setJob]####################
[2020-01-15 01:34:21,490][INFO|REP_JOB.py:12] >> ####################START[doJOB : NVIN001]####################
[2020-01-15 01:34:23,122][INFO|REP_JOB.py:19] >> ####################START[doFunc : {'JOB_ID': 'NVIN001', 'JOB_NM': '네이버부동산 삽입', 'FUNC_ID': 'INS_NV_CMPX', 'FUNC_NM': '네이버 부동산 단지 삽입', 'ACT_ID': 'NV_IN_CMPX', 'ACT_NM': '네이버단지삽입', 'F.FUNC_ID': 'INS_NV_CMPX', 'F.FUNC_NM': '네이버 부동산 단지 삽입'}]####################
[2020-01-15 01:34:24,175][INFO|REP_JOB.py:12] >> ####################START[doJOB : NVIN001]####################
[2020-01-15 01:34:25,822][INFO|REP_JOB.py:19] >> ####################START[doFunc : {'JOB_ID': 'NVIN001', 'JOB_NM': '네이버부동산 삽입', 'FUNC_ID': 'INS_NV_CMPX', 'FUNC_NM': '네이버 부동산 단지 삽입', 'ACT_ID': 'NV_IN_CMPX', 'ACT_NM': '네이버단지삽입', 'F.FUNC_ID': 'INS_NV_CMPX', 'F.FUNC_NM': '네이버 부동산 단지 삽입'}]####################
[2020-01-15 01:34:26,905][INFO|REP_JOB.py:12] >> ####################START[doJOB : NVIN001]####################
[2020-01-15 01:34:28,551][INFO|REP_JOB.py:19] >> ####################START[doFunc : {'JOB_ID': 'NVIN001', 'JOB_NM': '네이버부동산 삽입', 'FUNC_ID': 'INS_NV_CMPX', 'FUNC_NM': '네이버 부동산 단지 삽입', 'ACT_ID': 'NV_IN_CMPX', 'ACT_NM': '네이버단지삽입', 'F.FUNC_ID': 'INS_NV_CMPX', 'F.FUNC_NM': '네이버 부동산 단지 삽입'}]####################
[2020-01-15 01:34:29,597][INFO|REP_JOB.py:12] >> ####################START[doJOB : NVIN001]####################
[2020-01-15 01:34:31,256][INFO|REP_JOB.py:19] >> ####################START[doFunc : {'JOB_ID': 'NVIN001', 'JOB_NM': '네이버부동산 삽입', 'FUNC_ID': 'INS_NV_CMPX', 'FUNC_NM': '네이버 부동산 단지 삽입', 'ACT_ID': 'NV_IN_CMPX', 'ACT_NM': '네이버단지삽입', 'F.FUNC_ID': 'INS_NV_CMPX', 'F.FUNC_NM': '네이버 부동산 단지 삽입'}]####################
[2020-01-15 01:34:32,302][INFO|REP_JOB.py:12] >> ####################START[doJOB : NVIN001]####################
[2020-01-15 01:34:33,945][INFO|REP_JOB.py:19] >> ####################START[doFunc : {'JOB_ID': 'NVIN001', 'JOB_NM': '네이버부동산 삽입', 'FUNC_ID': 'INS_NV_CMPX', 'FUNC_NM': '네이버 부동산 단지 삽입', 'ACT_ID': 'NV_IN_CMPX', 'ACT_NM': '네이버단지삽입', 'F.FUNC_ID': 'INS_NV_CMPX', 'F.FUNC_NM': '네이버 부동산 단지 삽입'}]####################
[2020-01-15 01:36:37,188][INFO|REP_JOB.py:151] >> ####################START[doSchedule]####################
[2020-01-15 01:36:40,229][INFO|REP_JOB.py:120] >> ####################START[setJob]####################
[2020-01-15 01:36:40,236][INFO|REP_JOB.py:122] >> [{'JOB_ID': 'NVIN001', 'JOB_SEQ': Decimal('1'), 'EXEC_PERD_CD': 'DD', 'EXEC_MM': '', 'EXEC_DD': '', 'EXEC_HH': '00', 'EXEC_MI': '00', 'EXEC_DAY_CD': '', 'CYCL_MI': ''}]
[2020-01-15 01:36:40,236][INFO|REP_JOB.py:148] >> ####################END[setJob]####################
[2020-01-15 01:36:40,253][INFO|REP_JOB.py:12] >> ####################START[doJOB : NVIN001]####################
[2020-01-15 01:36:43,940][INFO|REP_JOB.py:19] >> ####################START[doFunc : {'JOB_ID': 'NVIN001', 'JOB_NM': '네이버부동산 삽입', 'FUNC_ID': 'INS_NV_CMPX', 'FUNC_NM': '네이버 부동산 단지 삽입', 'ACT_ID': 'NV_IN_CMPX', 'ACT_NM': '네이버단지삽입', 'F.FUNC_ID': 'INS_NV_CMPX', 'F.FUNC_NM': '네이버 부동산 단지 삽입'}]####################
[2020-01-15 01:40:13,304][INFO|REP_JOB.py:151] >> ####################START[doSchedule]####################
[2020-01-15 01:40:18,344][INFO|REP_JOB.py:120] >> ####################START[setJob]####################
[2020-01-15 01:40:18,351][INFO|REP_JOB.py:122] >> [{'JOB_ID': 'NVIN001', 'JOB_SEQ': Decimal('1'), 'EXEC_PERD_CD': 'DD', 'EXEC_MM': '', 'EXEC_DD': '', 'EXEC_HH': '00', 'EXEC_MI': '00', 'EXEC_DAY_CD': '', 'CYCL_MI': ''}]
[2020-01-15 01:40:18,352][INFO|REP_JOB.py:148] >> ####################END[setJob]####################
[2020-01-15 01:40:18,370][INFO|REP_JOB.py:12] >> ####################START[doJOB : NVIN001]####################
[2020-01-15 01:40:21,581][INFO|REP_JOB.py:19] >> ####################START[doFunc : {'JOB_ID': 'NVIN001', 'JOB_NM': '네이버부동산 삽입', 'FUNC_ID': 'INS_NV_CMPX', 'FUNC_NM': '네이버 부동산 단지 삽입', 'ACT_ID': 'NV_IN_CMPX', 'ACT_NM': '네이버단지삽입', 'F.FUNC_ID': 'INS_NV_CMPX', 'F.FUNC_NM': '네이버 부동산 단지 삽입'}]####################
[2020-01-15 01:42:07,278][INFO|REP_JOB.py:152] >> ####################START[doSchedule]####################
[2020-01-15 01:42:08,939][INFO|REP_JOB.py:121] >> ####################START[setJob]####################
[2020-01-15 01:42:08,946][INFO|REP_JOB.py:123] >> [{'JOB_ID': 'NVIN001', 'JOB_SEQ': Decimal('1'), 'EXEC_PERD_CD': 'DD', 'EXEC_MM': '', 'EXEC_DD': '', 'EXEC_HH': '00', 'EXEC_MI': '00', 'EXEC_DAY_CD': '', 'CYCL_MI': ''}]
[2020-01-15 01:42:08,947][INFO|REP_JOB.py:149] >> ####################END[setJob]####################
[2020-01-15 01:42:08,967][INFO|REP_JOB.py:12] >> ####################START[doJOB : NVIN001]####################
[2020-01-15 01:42:15,497][INFO|REP_JOB.py:152] >> ####################START[doSchedule]####################
[2020-01-15 01:42:17,113][INFO|REP_JOB.py:121] >> ####################START[setJob]####################
[2020-01-15 01:42:17,121][INFO|REP_JOB.py:123] >> [{'JOB_ID': 'NVIN001', 'JOB_SEQ': Decimal('1'), 'EXEC_PERD_CD': 'DD', 'EXEC_MM': '', 'EXEC_DD': '', 'EXEC_HH': '00', 'EXEC_MI': '00', 'EXEC_DAY_CD': '', 'CYCL_MI': ''}]
[2020-01-15 01:42:17,122][INFO|REP_JOB.py:149] >> ####################END[setJob]####################
[2020-01-15 01:42:17,140][INFO|REP_JOB.py:12] >> ####################START[doJOB : NVIN001]####################
[2020-01-15 01:42:18,788][INFO|REP_JOB.py:20] >> ####################START[doFunc : {'JOB_ID': 'NVIN001', 'JOB_NM': '네이버부동산 삽입', 'FUNC_ID': 'INS_NV_CMPX', 'FUNC_NM': '네이버 부동산 단지 삽입', 'ACT_ID': 'NV_IN_CMPX', 'ACT_NM': '네이버단지삽입', 'F.FUNC_ID': 'INS_NV_CMPX', 'F.FUNC_NM': '네이버 부동산 단지 삽입'}]####################
[2020-01-15 01:48:46,563][INFO|REP_JOB.py:153] >> ####################START[doSchedule]####################
[2020-01-15 01:48:48,209][INFO|REP_JOB.py:122] >> ####################START[setJob]####################
[2020-01-15 01:48:48,215][INFO|REP_JOB.py:124] >> [{'JOB_ID': 'NVIN001', 'JOB_SEQ': Decimal('1'), 'EXEC_PERD_CD': 'DD', 'EXEC_MM': '', 'EXEC_DD': '', 'EXEC_HH': '00', 'EXEC_MI': '00', 'EXEC_DAY_CD': '', 'CYCL_MI': ''}]
[2020-01-15 01:48:48,215][INFO|REP_JOB.py:150] >> ####################END[setJob]####################
[2020-01-15 01:48:48,248][INFO|REP_JOB.py:12] >> ####################START[doJOB : NVIN001]####################
[2020-01-15 01:48:49,892][INFO|REP_JOB.py:21] >> ####################START[doFunc : {'JOB_ID': 'NVIN001', 'JOB_NM': '네이버부동산 삽입', 'FUNC_ID': 'INS_NV_CMPX', 'FUNC_NM': '네이버 부동산 단지 삽입', 'ACT_ID': 'NV_IN_CMPX', 'ACT_NM': '네이버단지삽입', 'F.FUNC_ID': 'INS_NV_CMPX', 'F.FUNC_NM': '네이버 부동산 단지 삽입'}]####################
[2020-01-15 01:49:35,682][INFO|REP_JOB.py:154] >> ####################START[doSchedule]####################
[2020-01-15 01:49:37,372][INFO|REP_JOB.py:123] >> ####################START[setJob]####################
[2020-01-15 01:49:37,377][INFO|REP_JOB.py:125] >> [{'JOB_ID': 'NVIN001', 'JOB_SEQ': Decimal('1'), 'EXEC_PERD_CD': 'DD', 'EXEC_MM': '', 'EXEC_DD': '', 'EXEC_HH': '00', 'EXEC_MI': '00', 'EXEC_DAY_CD': '', 'CYCL_MI': ''}]
[2020-01-15 01:49:37,378][INFO|REP_JOB.py:151] >> ####################END[setJob]####################
[2020-01-15 01:49:37,392][INFO|REP_JOB.py:12] >> ####################START[doJOB : NVIN001]####################
[2020-01-15 01:49:39,039][INFO|REP_JOB.py:21] >> ####################START[doFunc : {'JOB_ID': 'NVIN001', 'JOB_NM': '네이버부동산 삽입', 'FUNC_ID': 'INS_NV_CMPX', 'FUNC_NM': '네이버 부동산 단지 삽입', 'ACT_ID': 'NV_IN_CMPX', 'ACT_NM': '네이버단지삽입', 'F.FUNC_ID': 'INS_NV_CMPX', 'F.FUNC_NM': '네이버 부동산 단지 삽입'}]####################
[2020-01-15 01:50:07,295][INFO|REP_JOB.py:155] >> ####################START[doSchedule]####################
[2020-01-15 01:50:08,920][INFO|REP_JOB.py:124] >> ####################START[setJob]####################
[2020-01-15 01:50:08,926][INFO|REP_JOB.py:126] >> [{'JOB_ID': 'NVIN001', 'JOB_SEQ': Decimal('1'), 'EXEC_PERD_CD': 'DD', 'EXEC_MM': '', 'EXEC_DD': '', 'EXEC_HH': '00', 'EXEC_MI': '00', 'EXEC_DAY_CD': '', 'CYCL_MI': ''}]
[2020-01-15 01:50:08,927][INFO|REP_JOB.py:152] >> ####################END[setJob]####################
[2020-01-15 01:50:08,940][INFO|REP_JOB.py:12] >> ####################START[doJOB : NVIN001]####################
[2020-01-15 01:50:10,603][INFO|REP_JOB.py:21] >> ####################START[doFunc : {'JOB_ID': 'NVIN001', 'JOB_NM': '네이버부동산 삽입', 'FUNC_ID': 'INS_NV_CMPX', 'FUNC_NM': '네이버 부동산 단지 삽입', 'ACT_ID': 'NV_IN_CMPX', 'ACT_NM': '네이버단지삽입', 'F.FUNC_ID': 'INS_NV_CMPX', 'F.FUNC_NM': '네이버 부동산 단지 삽입'}]####################
[2020-01-15 01:51:21,525][INFO|REP_JOB.py:155] >> ####################START[doSchedule]####################
[2020-01-15 01:51:23,165][INFO|REP_JOB.py:124] >> ####################START[setJob]####################
[2020-01-15 01:51:23,173][INFO|REP_JOB.py:126] >> [{'JOB_ID': 'NVIN001', 'JOB_SEQ': Decimal('1'), 'EXEC_PERD_CD': 'DD', 'EXEC_MM': '', 'EXEC_DD': '', 'EXEC_HH': '00', 'EXEC_MI': '00', 'EXEC_DAY_CD': '', 'CYCL_MI': ''}]
[2020-01-15 01:51:23,174][INFO|REP_JOB.py:152] >> ####################END[setJob]####################
[2020-01-15 01:51:23,190][INFO|REP_JOB.py:12] >> ####################START[doJOB : NVIN001]####################
[2020-01-15 01:51:24,822][INFO|REP_JOB.py:21] >> ####################START[doFunc : {'JOB_ID': 'NVIN001', 'JOB_NM': '네이버부동산 삽입', 'FUNC_ID': 'INS_NV_CMPX', 'FUNC_NM': '네이버 부동산 단지 삽입', 'ACT_ID': 'NV_IN_CMPX', 'ACT_NM': '네이버단지삽입', 'F.FUNC_ID': 'INS_NV_CMPX', 'F.FUNC_NM': '네이버 부동산 단지 삽입'}]####################
[2020-01-15 02:02:32,769][INFO|REP_JOB.py:155] >> ####################START[doSchedule]####################
[2020-01-15 02:02:34,393][INFO|REP_JOB.py:124] >> ####################START[setJob]####################
[2020-01-15 02:02:34,398][INFO|REP_JOB.py:126] >> [{'JOB_ID': 'NVIN001', 'JOB_SEQ': Decimal('1'), 'EXEC_PERD_CD': 'DD', 'EXEC_MM': '', 'EXEC_DD': '', 'EXEC_HH': '00', 'EXEC_MI': '00', 'EXEC_DAY_CD': '', 'CYCL_MI': ''}]
[2020-01-15 02:02:34,398][INFO|REP_JOB.py:152] >> ####################END[setJob]####################
[2020-01-15 02:02:34,409][INFO|REP_JOB.py:12] >> ####################START[doJOB : NVIN001]####################
[2020-01-15 02:02:36,104][INFO|REP_JOB.py:21] >> ####################START[doFunc : {'JOB_ID': 'NVIN001', 'JOB_NM': '네이버부동산 삽입', 'FUNC_ID': 'INS_NV_CMPX', 'FUNC_NM': '네이버 부동산 단지 삽입', 'ACT_ID': 'NV_IN_CMPX', 'ACT_NM': '네이버단지삽입', 'F.FUNC_ID': 'INS_NV_CMPX', 'F.FUNC_NM': '네이버 부동산 단지 삽입'}]####################
[2020-01-15 02:02:43,912][INFO|REP_JOB.py:155] >> ####################START[doSchedule]####################
[2020-01-15 02:02:45,561][INFO|REP_JOB.py:124] >> ####################START[setJob]####################
[2020-01-15 02:02:45,577][INFO|REP_JOB.py:126] >> [{'JOB_ID': 'NVIN001', 'JOB_SEQ': Decimal('1'), 'EXEC_PERD_CD': 'DD', 'EXEC_MM': '', 'EXEC_DD': '', 'EXEC_HH': '00', 'EXEC_MI': '00', 'EXEC_DAY_CD': '', 'CYCL_MI': ''}]
[2020-01-15 02:02:45,578][INFO|REP_JOB.py:152] >> ####################END[setJob]####################
[2020-01-15 02:02:45,594][INFO|REP_JOB.py:12] >> ####################START[doJOB : NVIN001]####################
[2020-01-15 02:02:47,233][INFO|REP_JOB.py:21] >> ####################START[doFunc : {'JOB_ID': 'NVIN001', 'JOB_NM': '네이버부동산 삽입', 'FUNC_ID': 'INS_NV_CMPX', 'FUNC_NM': '네이버 부동산 단지 삽입', 'ACT_ID': 'NV_IN_CMPX', 'ACT_NM': '네이버단지삽입', 'F.FUNC_ID': 'INS_NV_CMPX', 'F.FUNC_NM': '네이버 부동산 단지 삽입'}]####################
[2020-01-15 02:03:12,645][INFO|REP_JOB.py:155] >> ####################START[doSchedule]####################
[2020-01-15 02:03:14,332][INFO|REP_JOB.py:124] >> ####################START[setJob]####################
[2020-01-15 02:03:14,339][INFO|REP_JOB.py:126] >> [{'JOB_ID': 'NVIN001', 'JOB_SEQ': Decimal('1'), 'EXEC_PERD_CD': 'DD', 'EXEC_MM': '', 'EXEC_DD': '', 'EXEC_HH': '00', 'EXEC_MI': '00', 'EXEC_DAY_CD': '', 'CYCL_MI': ''}]
[2020-01-15 02:03:14,341][INFO|REP_JOB.py:152] >> ####################END[setJob]####################
[2020-01-15 02:03:14,357][INFO|REP_JOB.py:12] >> ####################START[doJOB : NVIN001]####################
[2020-01-15 02:03:16,095][INFO|REP_JOB.py:21] >> ####################START[doFunc : {'JOB_ID': 'NVIN001', 'JOB_NM': '네이버부동산 삽입', 'FUNC_ID': 'INS_NV_CMPX', 'FUNC_NM': '네이버 부동산 단지 삽입', 'ACT_ID': 'NV_IN_CMPX', 'ACT_NM': '네이버단지삽입', 'F.FUNC_ID': 'INS_NV_CMPX', 'F.FUNC_NM': '네이버 부동산 단지 삽입'}]####################
[2020-01-15 02:03:26,216][INFO|REP_JOB.py:155] >> ####################START[doSchedule]####################
[2020-01-15 02:03:27,942][INFO|REP_JOB.py:124] >> ####################START[setJob]####################
[2020-01-15 02:03:27,951][INFO|REP_JOB.py:126] >> [{'JOB_ID': 'NVIN001', 'JOB_SEQ': Decimal('1'), 'EXEC_PERD_CD': 'DD', 'EXEC_MM': '', 'EXEC_DD': '', 'EXEC_HH': '00', 'EXEC_MI': '00', 'EXEC_DAY_CD': '', 'CYCL_MI': ''}]
[2020-01-15 02:03:27,952][INFO|REP_JOB.py:152] >> ####################END[setJob]####################
[2020-01-15 02:03:27,992][INFO|REP_JOB.py:12] >> ####################START[doJOB : NVIN001]####################
[2020-01-15 02:03:29,660][INFO|REP_JOB.py:21] >> ####################START[doFunc : {'JOB_ID': 'NVIN001', 'JOB_NM': '네이버부동산 삽입', 'FUNC_ID': 'INS_NV_CMPX', 'FUNC_NM': '네이버 부동산 단지 삽입', 'ACT_ID': 'NV_IN_CMPX', 'ACT_NM': '네이버단지삽입', 'F.FUNC_ID': 'INS_NV_CMPX', 'F.FUNC_NM': '네이버 부동산 단지 삽입'}]####################
[2020-01-15 02:19:27,707][INFO|REP_JOB.py:155] >> ####################START[doSchedule]####################
[2020-01-15 02:19:30,647][INFO|REP_JOB.py:124] >> ####################START[setJob]####################
[2020-01-15 02:19:30,659][INFO|REP_JOB.py:126] >> [{'JOB_ID': 'NVIN001', 'JOB_SEQ': Decimal('1'), 'EXEC_PERD_CD': 'DD', 'EXEC_MM': '', 'EXEC_DD': '', 'EXEC_HH': '00', 'EXEC_MI': '00', 'EXEC_DAY_CD': '', 'CYCL_MI': ''}]
[2020-01-15 02:19:30,661][INFO|REP_JOB.py:152] >> ####################END[setJob]####################
[2020-01-15 02:19:30,681][INFO|REP_JOB.py:12] >> ####################START[doJOB : NVIN001]####################
[2020-01-15 02:19:32,328][INFO|REP_JOB.py:21] >> ####################START[doFunc : {'JOB_ID': 'NVIN001', 'JOB_NM': '네이버부동산 삽입', 'FUNC_ID': 'INS_NV_CMPX', 'FUNC_NM': '네이버 부동산 단지 삽입', 'ACT_ID': 'NV_IN_CMPX', 'ACT_NM': '네이버단지삽입', 'F.FUNC_ID': 'INS_NV_CMPX', 'F.FUNC_NM': '네이버 부동산 단지 삽입'}]####################
[2020-01-15 02:19:46,184][INFO|REP_JOB.py:155] >> ####################START[doSchedule]####################
[2020-01-15 02:19:47,858][INFO|REP_JOB.py:124] >> ####################START[setJob]####################
[2020-01-15 02:19:47,869][INFO|REP_JOB.py:126] >> [{'JOB_ID': 'NVIN001', 'JOB_SEQ': Decimal('1'), 'EXEC_PERD_CD': 'DD', 'EXEC_MM': '', 'EXEC_DD': '', 'EXEC_HH': '00', 'EXEC_MI': '00', 'EXEC_DAY_CD': '', 'CYCL_MI': ''}]
[2020-01-15 02:19:47,871][INFO|REP_JOB.py:152] >> ####################END[setJob]####################
[2020-01-15 02:19:47,894][INFO|REP_JOB.py:12] >> ####################START[doJOB : NVIN001]####################
[2020-01-15 02:19:49,567][INFO|REP_JOB.py:21] >> ####################START[doFunc : {'JOB_ID': 'NVIN001', 'JOB_NM': '네이버부동산 삽입', 'FUNC_ID': 'INS_NV_CMPX', 'FUNC_NM': '네이버 부동산 단지 삽입', 'ACT_ID': 'NV_IN_CMPX', 'ACT_NM': '네이버단지삽입', 'F.FUNC_ID': 'INS_NV_CMPX', 'F.FUNC_NM': '네이버 부동산 단지 삽입'}]####################
[2020-01-15 02:20:51,791][INFO|REP_JOB.py:157] >> ####################START[doSchedule]####################
[2020-01-15 02:20:53,464][INFO|REP_JOB.py:126] >> ####################START[setJob]####################
[2020-01-15 02:20:53,471][INFO|REP_JOB.py:128] >> [{'JOB_ID': 'NVIN001', 'JOB_SEQ': Decimal('1'), 'EXEC_PERD_CD': 'DD', 'EXEC_MM': '', 'EXEC_DD': '', 'EXEC_HH': '00', 'EXEC_MI': '00', 'EXEC_DAY_CD': '', 'CYCL_MI': ''}]
[2020-01-15 02:20:53,472][INFO|REP_JOB.py:154] >> ####################END[setJob]####################
[2020-01-15 02:20:53,509][INFO|REP_JOB.py:12] >> ####################START[doJOB : NVIN001]####################
[2020-01-15 02:20:55,177][INFO|REP_JOB.py:21] >> ####################START[doFunc : {'JOB_ID': 'NVIN001', 'JOB_NM': '네이버부동산 삽입', 'FUNC_ID': 'INS_NV_CMPX', 'FUNC_NM': '네이버 부동산 단지 삽입', 'ACT_ID': 'NV_IN_CMPX', 'ACT_NM': '네이버단지삽입', 'F.FUNC_ID': 'INS_NV_CMPX', 'F.FUNC_NM': '네이버 부동산 단지 삽입'}]####################
[2020-01-15 02:22:16,473][INFO|REP_JOB.py:159] >> ####################START[doSchedule]####################
[2020-01-15 02:22:18,164][INFO|REP_JOB.py:128] >> ####################START[setJob]####################
[2020-01-15 02:22:18,169][INFO|REP_JOB.py:130] >> [{'JOB_ID': 'NVIN001', 'JOB_SEQ': Decimal('1'), 'EXEC_PERD_CD': 'DD', 'EXEC_MM': '', 'EXEC_DD': '', 'EXEC_HH': '00', 'EXEC_MI': '00', 'EXEC_DAY_CD': '', 'CYCL_MI': ''}]
[2020-01-15 02:22:18,170][INFO|REP_JOB.py:156] >> ####################END[setJob]####################
[2020-01-15 02:22:18,203][INFO|REP_JOB.py:12] >> ####################START[doJOB : NVIN001]####################
[2020-01-15 02:22:19,869][INFO|REP_JOB.py:21] >> ####################START[doFunc : {'JOB_ID': 'NVIN001', 'JOB_NM': '네이버부동산 삽입', 'FUNC_ID': 'INS_NV_CMPX', 'FUNC_NM': '네이버 부동산 단지 삽입', 'ACT_ID': 'NV_IN_CMPX', 'ACT_NM': '네이버단지삽입', 'F.FUNC_ID': 'INS_NV_CMPX', 'F.FUNC_NM': '네이버 부동산 단지 삽입'}]####################
[2020-01-15 02:22:57,952][INFO|REP_JOB.py:159] >> ####################START[doSchedule]####################
[2020-01-15 02:22:59,608][INFO|REP_JOB.py:128] >> ####################START[setJob]####################
[2020-01-15 02:22:59,614][INFO|REP_JOB.py:130] >> [{'JOB_ID': 'NVIN001', 'JOB_SEQ': Decimal('1'), 'EXEC_PERD_CD': 'DD', 'EXEC_MM': '', 'EXEC_DD': '', 'EXEC_HH': '00', 'EXEC_MI': '00', 'EXEC_DAY_CD': '', 'CYCL_MI': ''}]
[2020-01-15 02:22:59,616][INFO|REP_JOB.py:156] >> ####################END[setJob]####################
[2020-01-15 02:22:59,632][INFO|REP_JOB.py:12] >> ####################START[doJOB : NVIN001]####################
[2020-01-15 02:23:01,301][INFO|REP_JOB.py:21] >> ####################START[doFunc : {'JOB_ID': 'NVIN001', 'JOB_NM': '네이버부동산 삽입', 'FUNC_ID': 'INS_NV_CMPX', 'FUNC_NM': '네이버 부동산 단지 삽입', 'ACT_ID': 'NV_IN_CMPX', 'ACT_NM': '네이버단지삽입', 'F.FUNC_ID': 'INS_NV_CMPX', 'F.FUNC_NM': '네이버 부동산 단지 삽입'}]####################
[2020-01-15 02:23:09,705][INFO|REP_JOB.py:159] >> ####################START[doSchedule]####################
[2020-01-15 02:23:14,323][INFO|REP_JOB.py:159] >> ####################START[doSchedule]####################
[2020-01-15 02:23:15,996][INFO|REP_JOB.py:128] >> ####################START[setJob]####################
[2020-01-15 02:23:16,026][INFO|REP_JOB.py:130] >> [{'JOB_ID': 'NVIN001', 'JOB_SEQ': Decimal('1'), 'EXEC_PERD_CD': 'DD', 'EXEC_MM': '', 'EXEC_DD': '', 'EXEC_HH': '00', 'EXEC_MI': '00', 'EXEC_DAY_CD': '', 'CYCL_MI': ''}]
[2020-01-15 02:23:16,028][INFO|REP_JOB.py:156] >> ####################END[setJob]####################
[2020-01-15 02:23:16,047][INFO|REP_JOB.py:12] >> ####################START[doJOB : NVIN001]####################
[2020-01-15 02:23:17,733][INFO|REP_JOB.py:21] >> ####################START[doFunc : {'JOB_ID': 'NVIN001', 'JOB_NM': '네이버부동산 삽입', 'FUNC_ID': 'INS_NV_CMPX', 'FUNC_NM': '네이버 부동산 단지 삽입', 'ACT_ID': 'NV_IN_CMPX', 'ACT_NM': '네이버단지삽입', 'F.FUNC_ID': 'INS_NV_CMPX', 'F.FUNC_NM': '네이버 부동산 단지 삽입'}]####################
[2020-01-15 02:23:50,079][INFO|REP_JOB.py:159] >> ####################START[doSchedule]####################
[2020-01-15 02:23:51,729][INFO|REP_JOB.py:128] >> ####################START[setJob]####################
[2020-01-15 02:23:51,735][INFO|REP_JOB.py:130] >> [{'JOB_ID': 'NVIN001', 'JOB_SEQ': Decimal('1'), 'EXEC_PERD_CD': 'DD', 'EXEC_MM': '', 'EXEC_DD': '', 'EXEC_HH': '00', 'EXEC_MI': '00', 'EXEC_DAY_CD': '', 'CYCL_MI': ''}]
[2020-01-15 02:23:51,735][INFO|REP_JOB.py:156] >> ####################END[setJob]####################
[2020-01-15 02:23:51,746][INFO|REP_JOB.py:12] >> ####################START[doJOB : NVIN001]####################
[2020-01-15 02:23:53,399][INFO|REP_JOB.py:21] >> ####################START[doFunc : {'JOB_ID': 'NVIN001', 'JOB_NM': '네이버부동산 삽입', 'FUNC_ID': 'INS_NV_CMPX', 'FUNC_NM': '네이버 부동산 단지 삽입', 'ACT_ID': 'NV_IN_CMPX', 'ACT_NM': '네이버단지삽입', 'F.FUNC_ID': 'INS_NV_CMPX', 'F.FUNC_NM': '네이버 부동산 단지 삽입'}]####################
[2020-01-15 02:46:45,128][INFO|REP_JOB.py:155] >> ####################START[doSchedule]####################
[2020-01-15 02:46:46,813][INFO|REP_JOB.py:124] >> ####################START[setJob]####################
[2020-01-15 02:46:46,819][INFO|REP_JOB.py:126] >> [{'JOB_ID': 'NVIN001', 'JOB_SEQ': Decimal('1'), 'EXEC_PERD_CD': 'DD', 'EXEC_MM': '', 'EXEC_DD': '', 'EXEC_HH': '00', 'EXEC_MI': '00', 'EXEC_DAY_CD': '', 'CYCL_MI': ''}]
[2020-01-15 02:46:46,820][INFO|REP_JOB.py:152] >> ####################END[setJob]####################
[2020-01-15 02:46:46,834][INFO|REP_JOB.py:12] >> ####################START[doJOB : NVIN001]####################
[2020-01-15 02:46:48,504][INFO|REP_JOB.py:21] >> ####################START[doFunc : {'JOB_ID': 'NVIN001', 'JOB_NM': '네이버부동산 삽입', 'FUNC_ID': 'INS_NV_CMPX', 'FUNC_NM': '네이버 부동산 단지 삽입', 'ACT_ID': 'NV_IN_CMPX', 'ACT_NM': '네이버단지삽입', 'F.FUNC_ID': 'INS_NV_CMPX', 'F.FUNC_NM': '네이버 부동산 단지 삽입'}]####################
[2020-01-15 02:47:59,994][INFO|REP_JOB.py:155] >> ####################START[doSchedule]####################
[2020-01-15 02:48:01,677][INFO|REP_JOB.py:124] >> ####################START[setJob]####################
[2020-01-15 02:48:01,681][INFO|REP_JOB.py:126] >> [{'JOB_ID': 'NVIN001', 'JOB_SEQ': Decimal('1'), 'EXEC_PERD_CD': 'DD', 'EXEC_MM': '', 'EXEC_DD': '', 'EXEC_HH': '00', 'EXEC_MI': '00', 'EXEC_DAY_CD': '', 'CYCL_MI': ''}]
[2020-01-15 02:48:01,681][INFO|REP_JOB.py:152] >> ####################END[setJob]####################
[2020-01-15 02:48:01,692][INFO|REP_JOB.py:12] >> ####################START[doJOB : NVIN001]####################
[2020-01-15 02:48:03,384][INFO|REP_JOB.py:21] >> ####################START[doFunc : {'JOB_ID': 'NVIN001', 'JOB_NM': '네이버부동산 삽입', 'FUNC_ID': 'INS_NV_CMPX', 'FUNC_NM': '네이버 부동산 단지 삽입', 'ACT_ID': 'NV_IN_CMPX', 'ACT_NM': '네이버단지삽입', 'F.FUNC_ID': 'INS_NV_CMPX', 'F.FUNC_NM': '네이버 부동산 단지 삽입'}]####################
[2020-01-15 02:48:33,164][INFO|REP_JOB.py:152] >> ####################START[doSchedule]####################
[2020-01-15 02:48:34,838][INFO|REP_JOB.py:121] >> ####################START[setJob]####################
[2020-01-15 02:48:34,844][INFO|REP_JOB.py:123] >> [{'JOB_ID': 'NVIN001', 'JOB_SEQ': Decimal('1'), 'EXEC_PERD_CD': 'DD', 'EXEC_MM': '', 'EXEC_DD': '', 'EXEC_HH': '00', 'EXEC_MI': '00', 'EXEC_DAY_CD': '', 'CYCL_MI': ''}]
[2020-01-15 02:48:34,845][INFO|REP_JOB.py:149] >> ####################END[setJob]####################
[2020-01-15 02:48:34,871][INFO|REP_JOB.py:12] >> ####################START[doJOB : NVIN001]####################
[2020-01-15 02:48:36,537][INFO|REP_JOB.py:18] >> ####################START[doFunc : {'JOB_ID': 'NVIN001', 'JOB_NM': '네이버부동산 삽입', 'FUNC_ID': 'INS_NV_CMPX', 'FUNC_NM': '네이버 부동산 단지 삽입', 'ACT_ID': 'NV_IN_CMPX', 'ACT_NM': '네이버단지삽입', 'F.FUNC_ID': 'INS_NV_CMPX', 'F.FUNC_NM': '네이버 부동산 단지 삽입'}]####################
[2020-01-15 02:48:54,071][INFO|REP_JOB.py:150] >> ####################START[doSchedule]####################
[2020-01-15 02:48:55,725][INFO|REP_JOB.py:119] >> ####################START[setJob]####################
[2020-01-15 02:48:55,741][INFO|REP_JOB.py:121] >> [{'JOB_ID': 'NVIN001', 'JOB_SEQ': Decimal('1'), 'EXEC_PERD_CD': 'DD', 'EXEC_MM': '', 'EXEC_DD': '', 'EXEC_HH': '00', 'EXEC_MI': '00', 'EXEC_DAY_CD': '', 'CYCL_MI': ''}]
[2020-01-15 02:48:55,742][INFO|REP_JOB.py:147] >> ####################END[setJob]####################
[2020-01-15 02:48:55,758][INFO|REP_JOB.py:12] >> ####################START[doJOB : NVIN001]####################
[2020-01-15 02:48:57,429][INFO|REP_JOB.py:18] >> ####################START[doFunc : {'JOB_ID': 'NVIN001', 'JOB_NM': '네이버부동산 삽입', 'FUNC_ID': 'INS_NV_CMPX', 'FUNC_NM': '네이버 부동산 단지 삽입', 'ACT_ID': 'NV_IN_CMPX', 'ACT_NM': '네이버단지삽입', 'F.FUNC_ID': 'INS_NV_CMPX', 'F.FUNC_NM': '네이버 부동산 단지 삽입'}]####################
[2020-01-15 02:55:28,467][INFO|REP_JOB.py:150] >> ####################START[doSchedule]####################
[2020-01-15 02:55:30,144][INFO|REP_JOB.py:119] >> ####################START[setJob]####################
[2020-01-15 02:55:30,163][INFO|REP_JOB.py:121] >> [{'JOB_ID': 'NVIN001', 'JOB_SEQ': Decimal('1'), 'EXEC_PERD_CD': 'DD', 'EXEC_MM': '', 'EXEC_DD': '', 'EXEC_HH': '00', 'EXEC_MI': '00', 'EXEC_DAY_CD': '', 'CYCL_MI': ''}]
[2020-01-15 02:55:30,164][INFO|REP_JOB.py:147] >> ####################END[setJob]####################
[2020-01-15 02:55:30,188][INFO|REP_JOB.py:12] >> ####################START[doJOB : NVIN001]####################
[2020-01-15 02:55:31,848][INFO|REP_JOB.py:18] >> ####################START[doFunc : {'JOB_ID': 'NVIN001', 'JOB_NM': '네이버부동산 삽입', 'FUNC_ID': 'INS_NV_CMPX', 'FUNC_NM': '네이버 부동산 단지 삽입', 'ACT_ID': 'NV_IN_CMPX', 'ACT_NM': '네이버단지삽입', 'F.FUNC_ID': 'INS_NV_CMPX', 'F.FUNC_NM': '네이버 부동산 단지 삽입'}]####################
[2020-01-15 02:58:25,818][INFO|REP_JOB.py:150] >> ####################START[doSchedule]####################
[2020-01-15 02:58:27,496][INFO|REP_JOB.py:119] >> ####################START[setJob]####################
[2020-01-15 02:58:27,504][INFO|REP_JOB.py:121] >> [{'JOB_ID': 'NVIN001', 'JOB_SEQ': Decimal('1'), 'EXEC_PERD_CD': 'DD', 'EXEC_MM': '', 'EXEC_DD': '', 'EXEC_HH': '00', 'EXEC_MI': '00', 'EXEC_DAY_CD': '', 'CYCL_MI': ''}]
[2020-01-15 02:58:27,505][INFO|REP_JOB.py:147] >> ####################END[setJob]####################
[2020-01-15 02:58:27,519][INFO|REP_JOB.py:12] >> ####################START[doJOB : NVIN001]####################
[2020-01-15 02:58:29,351][INFO|REP_JOB.py:18] >> ####################START[doFunc : {'JOB_ID': 'NVIN001', 'JOB_NM': '네이버부동산 삽입', 'FUNC_ID': 'INS_NV_CMPX', 'FUNC_NM': '네이버 부동산 단지 삽입', 'ACT_ID': 'NV_IN_CMPX', 'ACT_NM': '네이버단지삽입', 'F.FUNC_ID': 'INS_NV_CMPX', 'F.FUNC_NM': '네이버 부동산 단지 삽입'}]####################
[2020-01-15 02:59:13,918][INFO|REP_JOB.py:150] >> ####################START[doSchedule]####################
[2020-01-15 02:59:15,589][INFO|REP_JOB.py:119] >> ####################START[setJob]####################
[2020-01-15 02:59:15,597][INFO|REP_JOB.py:121] >> [{'JOB_ID': 'NVIN001', 'JOB_SEQ': Decimal('1'), 'EXEC_PERD_CD': 'DD', 'EXEC_MM': '', 'EXEC_DD': '', 'EXEC_HH': '00', 'EXEC_MI': '00', 'EXEC_DAY_CD': '', 'CYCL_MI': ''}]
[2020-01-15 02:59:15,598][INFO|REP_JOB.py:147] >> ####################END[setJob]####################
[2020-01-15 02:59:15,612][INFO|REP_JOB.py:12] >> ####################START[doJOB : NVIN001]####################
[2020-01-15 02:59:17,286][INFO|REP_JOB.py:18] >> ####################START[doFunc : {'JOB_ID': 'NVIN001', 'JOB_NM': '네이버부동산 삽입', 'FUNC_ID': 'INS_NV_CMPX', 'FUNC_NM': '네이버 부동산 단지 삽입', 'ACT_ID': 'NV_IN_CMPX', 'ACT_NM': '네이버단지삽입', 'F.FUNC_ID': 'INS_NV_CMPX', 'F.FUNC_NM': '네이버 부동산 단지 삽입'}]####################
[2020-01-15 03:03:38,066][INFO|REP_JOB.py:150] >> ####################START[doSchedule]####################
[2020-01-15 03:03:39,733][INFO|REP_JOB.py:119] >> ####################START[setJob]####################
[2020-01-15 03:03:39,738][INFO|REP_JOB.py:121] >> [{'JOB_ID': 'NVIN001', 'JOB_SEQ': Decimal('1'), 'EXEC_PERD_CD': 'DD', 'EXEC_MM': '', 'EXEC_DD': '', 'EXEC_HH': '00', 'EXEC_MI': '00', 'EXEC_DAY_CD': '', 'CYCL_MI': ''}]
[2020-01-15 03:03:39,739][INFO|REP_JOB.py:147] >> ####################END[setJob]####################
[2020-01-15 03:05:46,590][INFO|REP_JOB.py:150] >> ####################START[doSchedule]####################
[2020-01-15 03:05:48,248][INFO|REP_JOB.py:119] >> ####################START[setJob]####################
[2020-01-15 03:05:48,252][INFO|REP_JOB.py:121] >> [{'JOB_ID': 'NVIN001', 'JOB_SEQ': Decimal('1'), 'EXEC_PERD_CD': 'DD', 'EXEC_MM': '', 'EXEC_DD': '', 'EXEC_HH': '00', 'EXEC_MI': '00', 'EXEC_DAY_CD': '', 'CYCL_MI': ''}]
[2020-01-15 03:05:48,253][INFO|REP_JOB.py:147] >> ####################END[setJob]####################
[2020-01-15 03:05:48,274][INFO|REP_JOB.py:12] >> ####################START[doJOB : NVIN001]####################
[2020-01-15 03:05:49,959][INFO|REP_JOB.py:18] >> ####################START[doFunc : {'JOB_ID': 'NVIN001', 'JOB_NM': '네이버부동산 삽입', 'FUNC_ID': 'INS_NV_CMPX', 'FUNC_NM': '네이버 부동산 단지 삽입', 'ACT_ID': 'NV_IN_CMPX', 'ACT_NM': '네이버단지삽입', 'F.FUNC_ID': 'INS_NV_CMPX', 'F.FUNC_NM': '네이버 부동산 단지 삽입'}]####################
[2020-01-15 03:08:05,175][INFO|REP_JOB.py:150] >> ####################START[doSchedule]####################
[2020-01-15 03:08:06,843][INFO|REP_JOB.py:119] >> ####################START[setJob]####################
[2020-01-15 03:08:06,849][INFO|REP_JOB.py:121] >> [{'JOB_ID': 'NVIN001', 'JOB_SEQ': Decimal('1'), 'EXEC_PERD_CD': 'DD', 'EXEC_MM': '', 'EXEC_DD': '', 'EXEC_HH': '00', 'EXEC_MI': '00', 'EXEC_DAY_CD': '', 'CYCL_MI': ''}]
[2020-01-15 03:08:06,850][INFO|REP_JOB.py:147] >> ####################END[setJob]####################
[2020-01-15 03:08:06,850][INFO|REP_JOB.py:155] >> ####################START[doImidiateJOB]####################
[2020-01-15 03:08:06,855][INFO|REP_JOB.py:212] >> ####################END[doImidiateJOB]####################
[2020-01-15 03:08:07,859][INFO|REP_JOB.py:212] >> ####################END[doImidiateJOB]####################
[2020-01-15 03:08:08,865][INFO|REP_JOB.py:212] >> ####################END[doImidiateJOB]####################
[2020-01-15 03:08:09,872][INFO|REP_JOB.py:212] >> ####################END[doImidiateJOB]####################
[2020-01-15 03:08:10,878][INFO|REP_JOB.py:212] >> ####################END[doImidiateJOB]####################
[2020-01-15 03:08:11,884][INFO|REP_JOB.py:212] >> ####################END[doImidiateJOB]####################
[2020-01-15 03:08:12,890][INFO|REP_JOB.py:212] >> ####################END[doImidiateJOB]####################
[2020-01-15 03:14:11,464][INFO|REP_JOB.py:150] >> ####################START[doSchedule]####################
[2020-01-15 03:14:13,152][INFO|REP_JOB.py:119] >> ####################START[setJob]####################
[2020-01-15 03:14:13,159][INFO|REP_JOB.py:121] >> [{'JOB_ID': 'NVIN001', 'JOB_SEQ': Decimal('1'), 'EXEC_PERD_CD': 'DD', 'EXEC_MM': '', 'EXEC_DD': '', 'EXEC_HH': '00', 'EXEC_MI': '00', 'EXEC_DAY_CD': '', 'CYCL_MI': ''}]
[2020-01-15 03:14:13,160][INFO|REP_JOB.py:147] >> ####################END[setJob]####################
[2020-01-15 03:14:13,160][INFO|REP_JOB.py:156] >> ####################START[doImidiateJOB]####################
[2020-01-15 03:14:13,165][INFO|REP_JOB.py:211] >> ####################END[doImidiateJOB]####################
[2020-01-15 03:14:14,165][INFO|REP_JOB.py:156] >> ####################START[doImidiateJOB]####################
[2020-01-15 03:14:14,170][INFO|REP_JOB.py:211] >> ####################END[doImidiateJOB]####################
[2020-01-15 03:14:15,171][INFO|REP_JOB.py:156] >> ####################START[doImidiateJOB]####################
[2020-01-15 03:14:15,184][INFO|REP_JOB.py:211] >> ####################END[doImidiateJOB]####################
[2020-01-15 03:14:16,185][INFO|REP_JOB.py:156] >> ####################START[doImidiateJOB]####################
[2020-01-15 03:14:16,200][INFO|REP_JOB.py:211] >> ####################END[doImidiateJOB]####################
[2020-01-15 03:14:17,201][INFO|REP_JOB.py:156] >> ####################START[doImidiateJOB]####################
[2020-01-15 03:14:17,218][INFO|REP_JOB.py:211] >> ####################END[doImidiateJOB]####################
[2020-01-15 03:14:18,218][INFO|REP_JOB.py:156] >> ####################START[doImidiateJOB]####################
[2020-01-15 03:14:18,228][INFO|REP_JOB.py:211] >> ####################END[doImidiateJOB]####################
[2020-01-15 03:14:19,228][INFO|REP_JOB.py:156] >> ####################START[doImidiateJOB]####################
[2020-01-15 03:14:19,232][INFO|REP_JOB.py:211] >> ####################END[doImidiateJOB]####################
[2020-01-15 03:14:20,234][INFO|REP_JOB.py:156] >> ####################START[doImidiateJOB]####################
[2020-01-15 03:14:20,240][INFO|REP_JOB.py:211] >> ####################END[doImidiateJOB]####################
[2020-01-15 03:15:02,963][INFO|REP_JOB.py:150] >> ####################START[doSchedule]####################
[2020-01-15 03:15:04,616][INFO|REP_JOB.py:119] >> ####################START[setJob]####################
[2020-01-15 03:15:04,622][INFO|REP_JOB.py:121] >> [{'JOB_ID': 'NVIN001', 'JOB_SEQ': Decimal('1'), 'EXEC_PERD_CD': 'DD', 'EXEC_MM': '', 'EXEC_DD': '', 'EXEC_HH': '00', 'EXEC_MI': '00', 'EXEC_DAY_CD': '', 'CYCL_MI': ''}]
[2020-01-15 03:15:04,623][INFO|REP_JOB.py:147] >> ####################END[setJob]####################
[2020-01-15 03:15:04,623][INFO|REP_JOB.py:156] >> ####################START[doImidiateJOB]####################
[2020-01-15 03:15:04,639][INFO|REP_JOB.py:12] >> ####################START[doJOB : NVIN001]####################
[2020-01-15 03:15:06,292][INFO|REP_JOB.py:18] >> ####################START[doFunc : {'JOB_ID': 'NVIN001', 'JOB_NM': '네이버부동산 삽입', 'FUNC_ID': 'INS_NV_CMPX', 'FUNC_NM': '네이버 부동산 단지 삽입', 'ACT_ID': 'NV_IN_CMPX', 'ACT_NM': '네이버단지삽입', 'F.FUNC_ID': 'INS_NV_CMPX', 'F.FUNC_NM': '네이버 부동산 단지 삽입'}]####################
[2020-01-15 03:15:45,916][INFO|REP_JOB.py:150] >> ####################START[doSchedule]####################
[2020-01-15 03:15:47,588][INFO|REP_JOB.py:119] >> ####################START[setJob]####################
[2020-01-15 03:15:47,604][INFO|REP_JOB.py:121] >> [{'JOB_ID': 'NVIN001', 'JOB_SEQ': Decimal('1'), 'EXEC_PERD_CD': 'DD', 'EXEC_MM': '', 'EXEC_DD': '', 'EXEC_HH': '00', 'EXEC_MI': '00', 'EXEC_DAY_CD': '', 'CYCL_MI': ''}]
[2020-01-15 03:15:47,605][INFO|REP_JOB.py:147] >> ####################END[setJob]####################
[2020-01-15 03:15:47,605][INFO|REP_JOB.py:156] >> ####################START[doImidiateJOB]####################
[2020-01-15 03:15:47,620][INFO|REP_JOB.py:212] >> ####################END[doImidiateJOB]####################
[2020-01-15 03:15:48,621][INFO|REP_JOB.py:156] >> ####################START[doImidiateJOB]####################
[2020-01-15 03:15:48,635][INFO|REP_JOB.py:212] >> ####################END[doImidiateJOB]####################
[2020-01-15 03:15:49,635][INFO|REP_JOB.py:156] >> ####################START[doImidiateJOB]####################
[2020-01-15 03:15:49,663][INFO|REP_JOB.py:212] >> ####################END[doImidiateJOB]####################
[2020-01-15 03:15:50,663][INFO|REP_JOB.py:156] >> ####################START[doImidiateJOB]####################
[2020-01-15 03:15:50,679][INFO|REP_JOB.py:212] >> ####################END[doImidiateJOB]####################
[2020-01-15 03:15:51,681][INFO|REP_JOB.py:156] >> ####################START[doImidiateJOB]####################
[2020-01-15 03:15:51,688][INFO|REP_JOB.py:212] >> ####################END[doImidiateJOB]####################
[2020-01-15 03:15:52,688][INFO|REP_JOB.py:156] >> ####################START[doImidiateJOB]####################
[2020-01-15 03:15:52,696][INFO|REP_JOB.py:212] >> ####################END[doImidiateJOB]####################
[2020-01-15 03:16:03,877][INFO|REP_JOB.py:150] >> ####################START[doSchedule]####################
[2020-01-15 03:16:05,545][INFO|REP_JOB.py:119] >> ####################START[setJob]####################
[2020-01-15 03:16:05,550][INFO|REP_JOB.py:121] >> [{'JOB_ID': 'NVIN001', 'JOB_SEQ': Decimal('1'), 'EXEC_PERD_CD': 'DD', 'EXEC_MM': '', 'EXEC_DD': '', 'EXEC_HH': '00', 'EXEC_MI': '00', 'EXEC_DAY_CD': '', 'CYCL_MI': ''}]
[2020-01-15 03:16:05,552][INFO|REP_JOB.py:147] >> ####################END[setJob]####################
[2020-01-15 03:16:05,552][INFO|REP_JOB.py:156] >> ####################START[doImidiateJOB]####################
[2020-01-15 03:16:05,565][INFO|REP_JOB.py:12] >> ####################START[doJOB : NVIN001]####################
[2020-01-15 03:16:07,230][INFO|REP_JOB.py:18] >> ####################START[doFunc : {'JOB_ID': 'NVIN001', 'JOB_NM': '네이버부동산 삽입', 'FUNC_ID': 'INS_NV_CMPX', 'FUNC_NM': '네이버 부동산 단지 삽입', 'ACT_ID': 'NV_IN_CMPX', 'ACT_NM': '네이버단지삽입', 'F.FUNC_ID': 'INS_NV_CMPX', 'F.FUNC_NM': '네이버 부동산 단지 삽입'}]####################
[2020-01-15 03:16:31,604][INFO|REP_JOB.py:150] >> ####################START[doSchedule]####################
[2020-01-15 03:16:33,321][INFO|REP_JOB.py:119] >> ####################START[setJob]####################
[2020-01-15 03:16:33,327][INFO|REP_JOB.py:121] >> [{'JOB_ID': 'NVIN001', 'JOB_SEQ': Decimal('1'), 'EXEC_PERD_CD': 'DD', 'EXEC_MM': '', 'EXEC_DD': '', 'EXEC_HH': '00', 'EXEC_MI': '00', 'EXEC_DAY_CD': '', 'CYCL_MI': ''}]
[2020-01-15 03:16:33,328][INFO|REP_JOB.py:147] >> ####################END[setJob]####################
[2020-01-15 03:16:33,328][INFO|REP_JOB.py:156] >> ####################START[doImidiateJOB]####################
[2020-01-15 03:16:33,342][INFO|REP_JOB.py:12] >> ####################START[doJOB : NVIN001]####################
[2020-01-15 03:16:35,016][INFO|REP_JOB.py:18] >> ####################START[doFunc : {'JOB_ID': 'NVIN001', 'JOB_NM': '네이버부동산 삽입', 'FUNC_ID': 'INS_NV_CMPX', 'FUNC_NM': '네이버 부동산 단지 삽입', 'ACT_ID': 'NV_IN_CMPX', 'ACT_NM': '네이버단지삽입', 'F.FUNC_ID': 'INS_NV_CMPX', 'F.FUNC_NM': '네이버 부동산 단지 삽입'}]####################
[2020-01-15 03:17:57,100][INFO|REP_JOB.py:150] >> ####################START[doSchedule]####################
[2020-01-15 03:17:58,745][INFO|REP_JOB.py:119] >> ####################START[setJob]####################
[2020-01-15 03:17:58,750][INFO|REP_JOB.py:121] >> [{'JOB_ID': 'NVIN001', 'JOB_SEQ': Decimal('1'), 'EXEC_PERD_CD': 'DD', 'EXEC_MM': '', 'EXEC_DD': '', 'EXEC_HH': '00', 'EXEC_MI': '00', 'EXEC_DAY_CD': '', 'CYCL_MI': ''}]
[2020-01-15 03:17:58,751][INFO|REP_JOB.py:147] >> ####################END[setJob]####################
[2020-01-15 03:17:58,751][INFO|REP_JOB.py:156] >> ####################START[doImidiateJOB]####################
[2020-01-15 03:17:58,758][INFO|REP_JOB.py:212] >> ####################END[doImidiateJOB]####################
[2020-01-15 03:17:59,759][INFO|REP_JOB.py:156] >> ####################START[doImidiateJOB]####################
[2020-01-15 03:17:59,764][INFO|REP_JOB.py:212] >> ####################END[doImidiateJOB]####################
[2020-01-15 03:18:00,765][INFO|REP_JOB.py:156] >> ####################START[doImidiateJOB]####################
[2020-01-15 03:18:00,769][INFO|REP_JOB.py:212] >> ####################END[doImidiateJOB]####################
[2020-01-15 03:18:01,770][INFO|REP_JOB.py:156] >> ####################START[doImidiateJOB]####################
[2020-01-15 03:18:01,776][INFO|REP_JOB.py:212] >> ####################END[doImidiateJOB]####################
[2020-01-15 03:18:02,776][INFO|REP_JOB.py:156] >> ####################START[doImidiateJOB]####################
[2020-01-15 03:18:02,780][INFO|REP_JOB.py:212] >> ####################END[doImidiateJOB]####################
[2020-01-15 03:18:08,778][INFO|REP_JOB.py:150] >> ####################START[doSchedule]####################
[2020-01-15 03:18:10,440][INFO|REP_JOB.py:119] >> ####################START[setJob]####################
[2020-01-15 03:18:10,456][INFO|REP_JOB.py:121] >> [{'JOB_ID': 'NVIN001', 'JOB_SEQ': Decimal('1'), 'EXEC_PERD_CD': 'DD', 'EXEC_MM': '', 'EXEC_DD': '', 'EXEC_HH': '00', 'EXEC_MI': '00', 'EXEC_DAY_CD': '', 'CYCL_MI': ''}]
[2020-01-15 03:18:10,456][INFO|REP_JOB.py:147] >> ####################END[setJob]####################
[2020-01-15 03:18:10,456][INFO|REP_JOB.py:156] >> ####################START[doImidiateJOB]####################
[2020-01-15 03:18:10,477][INFO|REP_JOB.py:12] >> ####################START[doJOB : NVIN001]####################
[2020-01-15 03:18:12,165][INFO|REP_JOB.py:18] >> ####################START[doFunc : {'JOB_ID': 'NVIN001', 'JOB_NM': '네이버부동산 삽입', 'FUNC_ID': 'INS_NV_CMPX', 'FUNC_NM': '네이버 부동산 단지 삽입', 'ACT_ID': 'NV_IN_CMPX', 'ACT_NM': '네이버단지삽입', 'F.FUNC_ID': 'INS_NV_CMPX', 'F.FUNC_NM': '네이버 부동산 단지 삽입'}]####################
[2020-01-15 03:23:00,010][INFO|REP_JOB.py:150] >> ####################START[doSchedule]####################
[2020-01-15 03:23:01,658][INFO|REP_JOB.py:119] >> ####################START[setJob]####################
[2020-01-15 03:23:01,673][INFO|REP_JOB.py:121] >> [{'JOB_ID': 'NVIN001', 'JOB_SEQ': Decimal('1'), 'EXEC_PERD_CD': 'DD', 'EXEC_MM': '', 'EXEC_DD': '', 'EXEC_HH': '00', 'EXEC_MI': '00', 'EXEC_DAY_CD': '', 'CYCL_MI': ''}]
[2020-01-15 03:23:01,674][INFO|REP_JOB.py:147] >> ####################END[setJob]####################
[2020-01-15 03:23:01,675][INFO|REP_JOB.py:156] >> ####################START[doImidiateJOB]####################
[2020-01-15 03:23:01,688][INFO|REP_JOB.py:212] >> ####################END[doImidiateJOB]####################
[2020-01-15 03:23:02,689][INFO|REP_JOB.py:156] >> ####################START[doImidiateJOB]####################
[2020-01-15 03:23:02,721][INFO|REP_JOB.py:12] >> ####################START[doJOB : NVIN001]####################
[2020-01-15 03:23:04,377][INFO|REP_JOB.py:18] >> ####################START[doFunc : {'JOB_ID': 'NVIN001', 'JOB_NM': '네이버부동산 삽입', 'FUNC_ID': 'INS_NV_CMPX', 'FUNC_NM': '네이버 부동산 단지 삽입', 'ACT_ID': 'NV_IN_CMPX', 'ACT_NM': '네이버단지삽입', 'F.FUNC_ID': 'INS_NV_CMPX', 'F.FUNC_NM': '네이버 부동산 단지 삽입'}]####################
[2020-01-15 03:23:50,062][INFO|REP_JOB.py:150] >> ####################START[doSchedule]####################
[2020-01-15 03:23:51,733][INFO|REP_JOB.py:119] >> ####################START[setJob]####################
[2020-01-15 03:23:51,743][INFO|REP_JOB.py:121] >> [{'JOB_ID': 'NVIN001', 'JOB_SEQ': Decimal('1'), 'EXEC_PERD_CD': 'DD', 'EXEC_MM': '', 'EXEC_DD': '', 'EXEC_HH': '00', 'EXEC_MI': '00', 'EXEC_DAY_CD': '', 'CYCL_MI': ''}]
[2020-01-15 03:23:51,743][INFO|REP_JOB.py:147] >> ####################END[setJob]####################
[2020-01-15 03:23:51,744][INFO|REP_JOB.py:156] >> ####################START[doImidiateJOB]####################
[2020-01-15 03:23:51,758][INFO|REP_JOB.py:12] >> ####################START[doJOB : NVIN001]####################
[2020-01-15 03:23:53,435][INFO|REP_JOB.py:18] >> ####################START[doFunc : {'JOB_ID': 'NVIN001', 'JOB_NM': '네이버부동산 삽입', 'FUNC_ID': 'INS_NV_CMPX', 'FUNC_NM': '네이버 부동산 단지 삽입', 'ACT_ID': 'NV_IN_CMPX', 'ACT_NM': '네이버단지삽입', 'F.FUNC_ID': 'INS_NV_CMPX', 'F.FUNC_NM': '네이버 부동산 단지 삽입'}]####################
[2020-01-15 03:24:30,166][INFO|REP_JOB.py:150] >> ####################START[doSchedule]####################
[2020-01-15 03:24:31,825][INFO|REP_JOB.py:119] >> ####################START[setJob]####################
[2020-01-15 03:24:31,831][INFO|REP_JOB.py:121] >> [{'JOB_ID': 'NVIN001', 'JOB_SEQ': Decimal('1'), 'EXEC_PERD_CD': 'DD', 'EXEC_MM': '', 'EXEC_DD': '', 'EXEC_HH': '00', 'EXEC_MI': '00', 'EXEC_DAY_CD': '', 'CYCL_MI': ''}]
[2020-01-15 03:24:31,832][INFO|REP_JOB.py:147] >> ####################END[setJob]####################
[2020-01-15 03:24:31,832][INFO|REP_JOB.py:156] >> ####################START[doImidiateJOB]####################
[2020-01-15 03:24:31,865][INFO|REP_JOB.py:12] >> ####################START[doJOB : NVIN001]####################
[2020-01-15 03:24:33,547][INFO|REP_JOB.py:18] >> ####################START[doFunc : {'JOB_ID': 'NVIN001', 'JOB_NM': '네이버부동산 삽입', 'FUNC_ID': 'INS_NV_CMPX', 'FUNC_NM': '네이버 부동산 단지 삽입', 'ACT_ID': 'NV_IN_CMPX', 'ACT_NM': '네이버단지삽입', 'F.FUNC_ID': 'INS_NV_CMPX', 'F.FUNC_NM': '네이버 부동산 단지 삽입'}]####################
[2020-01-15 20:37:38,766][INFO|REP_JOB.py:150] >> ####################START[doSchedule]####################
[2020-01-15 20:37:45,690][INFO|REP_JOB.py:119] >> ####################START[setJob]####################
[2020-01-15 20:37:45,732][INFO|REP_JOB.py:121] >> [{'JOB_ID': 'NVIN001', 'JOB_SEQ': Decimal('1'), 'EXEC_PERD_CD': 'DD', 'EXEC_MM': '', 'EXEC_DD': '', 'EXEC_HH': '00', 'EXEC_MI': '00', 'EXEC_DAY_CD': '', 'CYCL_MI': ''}]
[2020-01-15 20:37:45,733][INFO|REP_JOB.py:147] >> ####################END[setJob]####################
[2020-01-15 20:37:45,733][INFO|REP_JOB.py:156] >> ####################START[doImidiateJOB]####################
[2020-01-15 20:37:45,748][INFO|REP_JOB.py:12] >> ####################START[doJOB : NVIN001]####################
[2020-01-15 20:37:47,796][INFO|REP_JOB.py:18] >> ####################START[doFunc : {'JOB_ID': 'NVIN001', 'JOB_NM': '네이버부동산 삽입', 'FUNC_ID': 'INS_NV_CMPX', 'FUNC_NM': '네이버 부동산 단지 삽입', 'ACT_ID': 'NV_IN_CMPX', 'ACT_NM': '네이버단지삽입', 'F.FUNC_ID': 'INS_NV_CMPX', 'F.FUNC_NM': '네이버 부동산 단지 삽입'}]####################
