[2019-12-28 22:10:29,420][DEBUG|REP_DAO.py:42] >> migNaverComplexList json Parsing Error'roadAddressPrefix'roadAddressPrefix
[2019-12-28 22:10:29,420][DEBUG|REP_DAO.py:42] >> migNaverComplexList json Parsing Error'roadAddress'roadAddress
[2019-12-28 22:10:29,420][DEBUG|REP_DAO.py:42] >> migNaverComplexList json Parsing Error'totalLeaseHouseholdCount'totalLeaseHouseholdCount
[2019-12-28 22:10:29,421][DEBUG|REP_DAO.py:42] >> migNaverComplexList json Parsing Error'batlRatio'batlRatio
[2019-12-28 22:10:29,421][DEBUG|REP_DAO.py:42] >> migNaverComplexList json Parsing Error'btlRatio'btlRatio
[2019-12-28 22:10:29,421][DEBUG|REP_DAO.py:42] >> migNaverComplexList json Parsing Error'maxSupplyArea'maxSupplyArea
[2019-12-28 22:10:29,421][DEBUG|REP_DAO.py:42] >> migNaverComplexList json Parsing Error'minSupplyArea'minSupplyArea
[2019-12-28 22:10:29,421][DEBUG|REP_DAO.py:42] >> migNaverComplexList json Parsing Error'parkingCountByHousehold'parkingCountByHousehold
[2019-12-28 22:10:29,421][DEBUG|REP_DAO.py:42] >> migNaverComplexList json Parsing Error'constructionCompanyName'constructionCompanyName
[2019-12-28 22:10:29,421][DEBUG|REP_DAO.py:42] >> migNaverComplexList json Parsing Error'heatMethodTypeCode'heatMethodTypeCode
[2019-12-28 22:10:29,422][DEBUG|REP_DAO.py:42] >> migNaverComplexList json Parsing Error'heatFuelTypeCode'heatFuelTypeCode
[2019-12-28 22:10:29,422][DEBUG|REP_DAO.py:42] >> migNaverComplexList json Parsing Error'pyoengNames'pyoengNames
[2019-12-28 22:10:29,422][DEBUG|REP_DAO.py:42] >> migNaverComplexList json Parsing Error'managementOfficeTelNo'managementOfficeTelNo
[2019-12-28 22:10:29,422][DEBUG|REP_DAO.py:42] >> migNaverComplexList json Parsing Error'buildingRegister'buildingRegister
[2019-12-28 22:10:29,427][DEBUG|REP_DAO.py:42] >> migNaverComplexList json Parsing Error'roadAddressPrefix'roadAddressPrefix
[2019-12-28 22:10:29,428][DEBUG|REP_DAO.py:42] >> migNaverComplexList json Parsing Error'roadAddress'roadAddress
[2019-12-28 22:10:29,428][DEBUG|REP_DAO.py:42] >> migNaverComplexList json Parsing Error'totalLeaseHouseholdCount'totalLeaseHouseholdCount
[2019-12-28 22:10:29,428][DEBUG|REP_DAO.py:42] >> migNaverComplexList json Parsing Error'batlRatio'batlRatio
[2019-12-28 22:10:29,428][DEBUG|REP_DAO.py:42] >> migNaverComplexList json Parsing Error'btlRatio'btlRatio
[2019-12-28 22:10:29,428][DEBUG|REP_DAO.py:42] >> migNaverComplexList json Parsing Error'maxSupplyArea'maxSupplyArea
[2019-12-28 22:10:29,428][DEBUG|REP_DAO.py:42] >> migNaverComplexList json Parsing Error'minSupplyArea'minSupplyArea
[2019-12-28 22:10:29,428][DEBUG|REP_DAO.py:42] >> migNaverComplexList json Parsing Error'parkingCountByHousehold'parkingCountByHousehold
[2019-12-28 22:10:29,428][DEBUG|REP_DAO.py:42] >> migNaverComplexList json Parsing Error'constructionCompanyName'constructionCompanyName
[2019-12-28 22:10:29,428][DEBUG|REP_DAO.py:42] >> migNaverComplexList json Parsing Error'heatMethodTypeCode'heatMethodTypeCode
[2019-12-28 22:10:29,428][DEBUG|REP_DAO.py:42] >> migNaverComplexList json Parsing Error'heatFuelTypeCode'heatFuelTypeCode
[2019-12-28 22:10:29,429][DEBUG|REP_DAO.py:42] >> migNaverComplexList json Parsing Error'pyoengNames'pyoengNames
[2019-12-28 22:10:29,429][DEBUG|REP_DAO.py:42] >> migNaverComplexList json Parsing Error'managementOfficeTelNo'managementOfficeTelNo
[2019-12-28 22:10:29,429][DEBUG|REP_DAO.py:42] >> migNaverComplexList json Parsing Error'buildingRegister'buildingRegister
[2019-12-28 22:10:31,501][DEBUG|REP_DAO.py:42] >> migNaverComplexList json Parsing Error'roadAddressPrefix'roadAddressPrefix
[2019-12-28 22:10:31,502][DEBUG|REP_DAO.py:42] >> migNaverComplexList json Parsing Error'roadAddress'roadAddress
[2019-12-28 22:10:31,502][DEBUG|REP_DAO.py:42] >> migNaverComplexList json Parsing Error'totalLeaseHouseholdCount'totalLeaseHouseholdCount
[2019-12-28 22:10:31,502][DEBUG|REP_DAO.py:42] >> migNaverComplexList json Parsing Error'batlRatio'batlRatio
[2019-12-28 22:10:31,502][DEBUG|REP_DAO.py:42] >> migNaverComplexList json Parsing Error'btlRatio'btlRatio
[2019-12-28 22:10:31,502][DEBUG|REP_DAO.py:42] >> migNaverComplexList json Parsing Error'maxSupplyArea'maxSupplyArea
[2019-12-28 22:10:31,502][DEBUG|REP_DAO.py:42] >> migNaverComplexList json Parsing Error'minSupplyArea'minSupplyArea
[2019-12-28 22:10:31,502][DEBUG|REP_DAO.py:42] >> migNaverComplexList json Parsing Error'parkingCountByHousehold'parkingCountByHousehold
[2019-12-28 22:10:31,502][DEBUG|REP_DAO.py:42] >> migNaverComplexList json Parsing Error'constructionCompanyName'constructionCompanyName
[2019-12-28 22:10:31,502][DEBUG|REP_DAO.py:42] >> migNaverComplexList json Parsing Error'heatMethodTypeCode'heatMethodTypeCode
[2019-12-28 22:10:31,502][DEBUG|REP_DAO.py:42] >> migNaverComplexList json Parsing Error'heatFuelTypeCode'heatFuelTypeCode
[2019-12-28 22:10:31,502][DEBUG|REP_DAO.py:42] >> migNaverComplexList json Parsing Error'pyoengNames'pyoengNames
[2019-12-28 22:10:31,502][DEBUG|REP_DAO.py:42] >> migNaverComplexList json Parsing Error'managementOfficeTelNo'managementOfficeTelNo
[2019-12-28 22:10:31,503][DEBUG|REP_DAO.py:42] >> migNaverComplexList json Parsing Error'buildingRegister'buildingRegister
[2019-12-28 22:17:43,880][DEBUG|REP_DAO.py:42] >> migNaverComplexList json Parsing Error'roadAddressPrefix'roadAddressPrefix
[2019-12-28 22:17:43,884][DEBUG|REP_DAO.py:42] >> migNaverComplexList json Parsing Error'roadAddress'roadAddress
[2019-12-28 22:17:43,884][DEBUG|REP_DAO.py:42] >> migNaverComplexList json Parsing Error'totalLeaseHouseholdCount'totalLeaseHouseholdCount
[2019-12-28 22:17:43,886][DEBUG|REP_DAO.py:42] >> migNaverComplexList json Parsing Error'batlRatio'batlRatio
[2019-12-28 22:17:43,886][DEBUG|REP_DAO.py:42] >> migNaverComplexList json Parsing Error'btlRatio'btlRatio
[2019-12-28 22:17:43,888][DEBUG|REP_DAO.py:42] >> migNaverComplexList json Parsing Error'maxSupplyArea'maxSupplyArea
[2019-12-28 22:17:43,888][DEBUG|REP_DAO.py:42] >> migNaverComplexList json Parsing Error'minSupplyArea'minSupplyArea
[2019-12-28 22:17:43,889][DEBUG|REP_DAO.py:42] >> migNaverComplexList json Parsing Error'parkingCountByHousehold'parkingCountByHousehold
[2019-12-28 22:17:43,891][DEBUG|REP_DAO.py:42] >> migNaverComplexList json Parsing Error'constructionCompanyName'constructionCompanyName
[2019-12-28 22:17:43,893][DEBUG|REP_DAO.py:42] >> migNaverComplexList json Parsing Error'heatMethodTypeCode'heatMethodTypeCode
[2019-12-28 22:17:43,894][DEBUG|REP_DAO.py:42] >> migNaverComplexList json Parsing Error'heatFuelTypeCode'heatFuelTypeCode
[2019-12-28 22:17:43,896][DEBUG|REP_DAO.py:42] >> migNaverComplexList json Parsing Error'pyoengNames'pyoengNames
[2019-12-28 22:17:43,896][DEBUG|REP_DAO.py:42] >> migNaverComplexList json Parsing Error'managementOfficeTelNo'managementOfficeTelNo
[2019-12-28 22:17:43,896][DEBUG|REP_DAO.py:42] >> migNaverComplexList json Parsing Error'buildingRegister'buildingRegister
[2019-12-28 22:17:43,904][DEBUG|REP_DAO.py:42] >> migNaverComplexList json Parsing Error'roadAddressPrefix'roadAddressPrefix
[2019-12-28 22:17:43,905][DEBUG|REP_DAO.py:42] >> migNaverComplexList json Parsing Error'roadAddress'roadAddress
[2019-12-28 22:17:43,906][DEBUG|REP_DAO.py:42] >> migNaverComplexList json Parsing Error'totalLeaseHouseholdCount'totalLeaseHouseholdCount
[2019-12-28 22:17:43,906][DEBUG|REP_DAO.py:42] >> migNaverComplexList json Parsing Error'batlRatio'batlRatio
[2019-12-28 22:17:43,908][DEBUG|REP_DAO.py:42] >> migNaverComplexList json Parsing Error'btlRatio'btlRatio
[2019-12-28 22:17:43,909][DEBUG|REP_DAO.py:42] >> migNaverComplexList json Parsing Error'maxSupplyArea'maxSupplyArea
[2019-12-28 22:17:43,911][DEBUG|REP_DAO.py:42] >> migNaverComplexList json Parsing Error'minSupplyArea'minSupplyArea
[2019-12-28 22:17:43,911][DEBUG|REP_DAO.py:42] >> migNaverComplexList json Parsing Error'parkingCountByHousehold'parkingCountByHousehold
[2019-12-28 22:17:43,912][DEBUG|REP_DAO.py:42] >> migNaverComplexList json Parsing Error'constructionCompanyName'constructionCompanyName
[2019-12-28 22:17:43,915][DEBUG|REP_DAO.py:42] >> migNaverComplexList json Parsing Error'heatMethodTypeCode'heatMethodTypeCode
[2019-12-28 22:17:43,915][DEBUG|REP_DAO.py:42] >> migNaverComplexList json Parsing Error'heatFuelTypeCode'heatFuelTypeCode
[2019-12-28 22:17:43,918][DEBUG|REP_DAO.py:42] >> migNaverComplexList json Parsing Error'pyoengNames'pyoengNames
[2019-12-28 22:17:43,918][DEBUG|REP_DAO.py:42] >> migNaverComplexList json Parsing Error'managementOfficeTelNo'managementOfficeTelNo
[2019-12-28 22:17:43,920][DEBUG|REP_DAO.py:42] >> migNaverComplexList json Parsing Error'buildingRegister'buildingRegister
[2019-12-28 22:17:46,048][DEBUG|REP_DAO.py:42] >> migNaverComplexList json Parsing Error'roadAddressPrefix'roadAddressPrefix
[2019-12-28 22:17:46,053][DEBUG|REP_DAO.py:42] >> migNaverComplexList json Parsing Error'roadAddress'roadAddress
[2019-12-28 22:17:46,053][DEBUG|REP_DAO.py:42] >> migNaverComplexList json Parsing Error'totalLeaseHouseholdCount'totalLeaseHouseholdCount
[2019-12-28 22:17:46,054][DEBUG|REP_DAO.py:42] >> migNaverComplexList json Parsing Error'batlRatio'batlRatio
[2019-12-28 22:17:46,054][DEBUG|REP_DAO.py:42] >> migNaverComplexList json Parsing Error'btlRatio'btlRatio
[2019-12-28 22:17:46,056][DEBUG|REP_DAO.py:42] >> migNaverComplexList json Parsing Error'maxSupplyArea'maxSupplyArea
[2019-12-28 22:17:46,057][DEBUG|REP_DAO.py:42] >> migNaverComplexList json Parsing Error'minSupplyArea'minSupplyArea
[2019-12-28 22:17:46,057][DEBUG|REP_DAO.py:42] >> migNaverComplexList json Parsing Error'parkingCountByHousehold'parkingCountByHousehold
[2019-12-28 22:17:46,059][DEBUG|REP_DAO.py:42] >> migNaverComplexList json Parsing Error'constructionCompanyName'constructionCompanyName
[2019-12-28 22:17:46,062][DEBUG|REP_DAO.py:42] >> migNaverComplexList json Parsing Error'heatMethodTypeCode'heatMethodTypeCode
[2019-12-28 22:17:46,063][DEBUG|REP_DAO.py:42] >> migNaverComplexList json Parsing Error'heatFuelTypeCode'heatFuelTypeCode
[2019-12-28 22:17:46,065][DEBUG|REP_DAO.py:42] >> migNaverComplexList json Parsing Error'pyoengNames'pyoengNames
[2019-12-28 22:17:46,066][DEBUG|REP_DAO.py:42] >> migNaverComplexList json Parsing Error'managementOfficeTelNo'managementOfficeTelNo
[2019-12-28 22:17:46,066][DEBUG|REP_DAO.py:42] >> migNaverComplexList json Parsing Error'buildingRegister'buildingRegister
[2019-12-28 22:18:48,987][DEBUG|REP_DAO.py:42] >> migNaverComplexList json Parsing Error'roadAddressPrefix'roadAddressPrefix
[2019-12-28 22:18:48,988][DEBUG|REP_DAO.py:42] >> migNaverComplexList json Parsing Error'roadAddress'roadAddress
[2019-12-28 22:18:48,988][DEBUG|REP_DAO.py:42] >> migNaverComplexList json Parsing Error'totalLeaseHouseholdCount'totalLeaseHouseholdCount
[2019-12-28 22:18:48,988][DEBUG|REP_DAO.py:42] >> migNaverComplexList json Parsing Error'batlRatio'batlRatio
[2019-12-28 22:18:48,988][DEBUG|REP_DAO.py:42] >> migNaverComplexList json Parsing Error'btlRatio'btlRatio
[2019-12-28 22:18:48,988][DEBUG|REP_DAO.py:42] >> migNaverComplexList json Parsing Error'maxSupplyArea'maxSupplyArea
[2019-12-28 22:18:48,989][DEBUG|REP_DAO.py:42] >> migNaverComplexList json Parsing Error'minSupplyArea'minSupplyArea
[2019-12-28 22:18:48,989][DEBUG|REP_DAO.py:42] >> migNaverComplexList json Parsing Error'parkingCountByHousehold'parkingCountByHousehold
[2019-12-28 22:18:48,989][DEBUG|REP_DAO.py:42] >> migNaverComplexList json Parsing Error'constructionCompanyName'constructionCompanyName
[2019-12-28 22:18:48,989][DEBUG|REP_DAO.py:42] >> migNaverComplexList json Parsing Error'heatMethodTypeCode'heatMethodTypeCode
[2019-12-28 22:18:48,989][DEBUG|REP_DAO.py:42] >> migNaverComplexList json Parsing Error'heatFuelTypeCode'heatFuelTypeCode
[2019-12-28 22:18:48,989][DEBUG|REP_DAO.py:42] >> migNaverComplexList json Parsing Error'pyoengNames'pyoengNames
[2019-12-28 22:18:48,989][DEBUG|REP_DAO.py:42] >> migNaverComplexList json Parsing Error'managementOfficeTelNo'managementOfficeTelNo
[2019-12-28 22:18:48,990][DEBUG|REP_DAO.py:42] >> migNaverComplexList json Parsing Error'buildingRegister'buildingRegister
[2019-12-28 22:18:48,996][DEBUG|REP_DAO.py:42] >> migNaverComplexList json Parsing Error'roadAddressPrefix'roadAddressPrefix
[2019-12-28 22:18:48,996][DEBUG|REP_DAO.py:42] >> migNaverComplexList json Parsing Error'roadAddress'roadAddress
[2019-12-28 22:18:48,996][DEBUG|REP_DAO.py:42] >> migNaverComplexList json Parsing Error'totalLeaseHouseholdCount'totalLeaseHouseholdCount
[2019-12-28 22:18:48,997][DEBUG|REP_DAO.py:42] >> migNaverComplexList json Parsing Error'batlRatio'batlRatio
[2019-12-28 22:18:48,999][DEBUG|REP_DAO.py:42] >> migNaverComplexList json Parsing Error'btlRatio'btlRatio
[2019-12-28 22:18:48,999][DEBUG|REP_DAO.py:42] >> migNaverComplexList json Parsing Error'maxSupplyArea'maxSupplyArea
[2019-12-28 22:18:48,999][DEBUG|REP_DAO.py:42] >> migNaverComplexList json Parsing Error'minSupplyArea'minSupplyArea
[2019-12-28 22:18:49,000][DEBUG|REP_DAO.py:42] >> migNaverComplexList json Parsing Error'parkingCountByHousehold'parkingCountByHousehold
[2019-12-28 22:18:49,000][DEBUG|REP_DAO.py:42] >> migNaverComplexList json Parsing Error'constructionCompanyName'constructionCompanyName
[2019-12-28 22:18:49,000][DEBUG|REP_DAO.py:42] >> migNaverComplexList json Parsing Error'heatMethodTypeCode'heatMethodTypeCode
[2019-12-28 22:18:49,000][DEBUG|REP_DAO.py:42] >> migNaverComplexList json Parsing Error'heatFuelTypeCode'heatFuelTypeCode
[2019-12-28 22:18:49,002][DEBUG|REP_DAO.py:42] >> migNaverComplexList json Parsing Error'pyoengNames'pyoengNames
[2019-12-28 22:18:49,003][DEBUG|REP_DAO.py:42] >> migNaverComplexList json Parsing Error'managementOfficeTelNo'managementOfficeTelNo
[2019-12-28 22:18:49,003][DEBUG|REP_DAO.py:42] >> migNaverComplexList json Parsing Error'buildingRegister'buildingRegister
[2019-12-28 22:18:51,085][DEBUG|REP_DAO.py:42] >> migNaverComplexList json Parsing Error'roadAddressPrefix'roadAddressPrefix
[2019-12-28 22:18:51,090][DEBUG|REP_DAO.py:42] >> migNaverComplexList json Parsing Error'roadAddress'roadAddress
[2019-12-28 22:18:51,091][DEBUG|REP_DAO.py:42] >> migNaverComplexList json Parsing Error'totalLeaseHouseholdCount'totalLeaseHouseholdCount
[2019-12-28 22:18:51,091][DEBUG|REP_DAO.py:42] >> migNaverComplexList json Parsing Error'batlRatio'batlRatio
[2019-12-28 22:18:51,092][DEBUG|REP_DAO.py:42] >> migNaverComplexList json Parsing Error'btlRatio'btlRatio
[2019-12-28 22:18:51,096][DEBUG|REP_DAO.py:42] >> migNaverComplexList json Parsing Error'maxSupplyArea'maxSupplyArea
[2019-12-28 22:18:51,098][DEBUG|REP_DAO.py:42] >> migNaverComplexList json Parsing Error'minSupplyArea'minSupplyArea
[2019-12-28 22:18:51,098][DEBUG|REP_DAO.py:42] >> migNaverComplexList json Parsing Error'parkingCountByHousehold'parkingCountByHousehold
[2019-12-28 22:18:51,102][DEBUG|REP_DAO.py:42] >> migNaverComplexList json Parsing Error'constructionCompanyName'constructionCompanyName
[2019-12-28 22:18:51,103][DEBUG|REP_DAO.py:42] >> migNaverComplexList json Parsing Error'heatMethodTypeCode'heatMethodTypeCode
[2019-12-28 22:18:51,103][DEBUG|REP_DAO.py:42] >> migNaverComplexList json Parsing Error'heatFuelTypeCode'heatFuelTypeCode
[2019-12-28 22:18:51,107][DEBUG|REP_DAO.py:42] >> migNaverComplexList json Parsing Error'pyoengNames'pyoengNames
[2019-12-28 22:18:51,109][DEBUG|REP_DAO.py:42] >> migNaverComplexList json Parsing Error'managementOfficeTelNo'managementOfficeTelNo
[2019-12-28 22:18:51,110][DEBUG|REP_DAO.py:42] >> migNaverComplexList json Parsing Error'buildingRegister'buildingRegister
[2019-12-28 22:19:01,504][DEBUG|REP_DAO.py:42] >> migNaverComplexList json Parsing Error'roadAddressPrefix'roadAddressPrefix
[2019-12-28 22:19:01,513][DEBUG|REP_DAO.py:42] >> migNaverComplexList json Parsing Error'roadAddress'roadAddress
[2019-12-28 22:19:01,514][DEBUG|REP_DAO.py:42] >> migNaverComplexList json Parsing Error'totalLeaseHouseholdCount'totalLeaseHouseholdCount
[2019-12-28 22:19:01,518][DEBUG|REP_DAO.py:42] >> migNaverComplexList json Parsing Error'batlRatio'batlRatio
[2019-12-28 22:19:01,522][DEBUG|REP_DAO.py:42] >> migNaverComplexList json Parsing Error'btlRatio'btlRatio
[2019-12-28 22:19:01,523][DEBUG|REP_DAO.py:42] >> migNaverComplexList json Parsing Error'maxSupplyArea'maxSupplyArea
[2019-12-28 22:19:01,524][DEBUG|REP_DAO.py:42] >> migNaverComplexList json Parsing Error'minSupplyArea'minSupplyArea
[2019-12-28 22:19:01,534][DEBUG|REP_DAO.py:42] >> migNaverComplexList json Parsing Error'parkingCountByHousehold'parkingCountByHousehold
[2019-12-28 22:19:01,536][DEBUG|REP_DAO.py:42] >> migNaverComplexList json Parsing Error'constructionCompanyName'constructionCompanyName
[2019-12-28 22:19:01,537][DEBUG|REP_DAO.py:42] >> migNaverComplexList json Parsing Error'heatMethodTypeCode'heatMethodTypeCode
[2019-12-28 22:19:01,541][DEBUG|REP_DAO.py:42] >> migNaverComplexList json Parsing Error'heatFuelTypeCode'heatFuelTypeCode
[2019-12-28 22:19:01,541][DEBUG|REP_DAO.py:42] >> migNaverComplexList json Parsing Error'pyoengNames'pyoengNames
[2019-12-28 22:19:01,542][DEBUG|REP_DAO.py:42] >> migNaverComplexList json Parsing Error'managementOfficeTelNo'managementOfficeTelNo
[2019-12-28 22:19:01,542][DEBUG|REP_DAO.py:42] >> migNaverComplexList json Parsing Error'buildingRegister'buildingRegister
