[2020-01-14 20:09:09,766][INFO|REP_JOB.py:150] >> ####################START[doSchedule]####################
[2020-01-14 20:09:16,276][INFO|REP_JOB.py:119] >> ####################START[setJob]####################
[2020-01-14 20:09:16,307][INFO|REP_JOB.py:121] >> [{'JOB_ID': 'NVIN001', 'JOB_SEQ': Decimal('1'), 'EXEC_PERD_CD': 'DD', 'EXEC_MM': '', 'EXEC_DD': '', 'EXEC_HH': '00', 'EXEC_MI': '00', 'EXEC_DAY_CD': '', 'CYCL_MI': ''}]
[2020-01-14 20:09:16,307][INFO|REP_JOB.py:147] >> ####################END[setJob]####################
[2020-01-14 20:09:16,338][INFO|REP_JOB.py:12] >> ####################START[doJOB : NVIN001]####################
[2020-01-14 20:09:18,307][INFO|REP_JOB.py:19] >> ####################START[doFunc : {'JOB_ID': 'NVIN001', 'JOB_NM': '네이버부동산 삽입', 'FUNC_ID': 'INS_NV_CMPX', 'FUNC_NM': '네이버 부동산 단지 삽입', 'ACT_ID': 'NV_IN_CMPX', 'ACT_NM': '네이버단지삽입', 'F.FUNC_ID': 'INS_NV_CMPX', 'F.FUNC_NM': '네이버 부동산 단지 삽입'}]####################
[2020-01-14 20:09:18,354][ERROR|REP_JOB.py:65] >> ####################ERROR[doJOB : NVIN001]####################
[2020-01-14 20:09:20,995][INFO|REP_JOB.py:12] >> ####################START[doJOB : NVIN001]####################
[2020-01-14 20:09:22,682][INFO|REP_JOB.py:19] >> ####################START[doFunc : {'JOB_ID': 'NVIN001', 'JOB_NM': '네이버부동산 삽입', 'FUNC_ID': 'INS_NV_CMPX', 'FUNC_NM': '네이버 부동산 단지 삽입', 'ACT_ID': 'NV_IN_CMPX', 'ACT_NM': '네이버단지삽입', 'F.FUNC_ID': 'INS_NV_CMPX', 'F.FUNC_NM': '네이버 부동산 단지 삽입'}]####################
[2020-01-14 20:09:22,682][ERROR|REP_JOB.py:65] >> ####################ERROR[doJOB : NVIN001]####################
[2020-01-14 20:09:25,355][INFO|REP_JOB.py:12] >> ####################START[doJOB : NVIN001]####################
[2020-01-14 20:09:26,995][INFO|REP_JOB.py:19] >> ####################START[doFunc : {'JOB_ID': 'NVIN001', 'JOB_NM': '네이버부동산 삽입', 'FUNC_ID': 'INS_NV_CMPX', 'FUNC_NM': '네이버 부동산 단지 삽입', 'ACT_ID': 'NV_IN_CMPX', 'ACT_NM': '네이버단지삽입', 'F.FUNC_ID': 'INS_NV_CMPX', 'F.FUNC_NM': '네이버 부동산 단지 삽입'}]####################
[2020-01-14 20:09:26,995][ERROR|REP_JOB.py:65] >> ####################ERROR[doJOB : NVIN001]####################
[2020-01-14 20:09:29,683][INFO|REP_JOB.py:12] >> ####################START[doJOB : NVIN001]####################
[2020-01-14 20:09:31,355][INFO|REP_JOB.py:19] >> ####################START[doFunc : {'JOB_ID': 'NVIN001', 'JOB_NM': '네이버부동산 삽입', 'FUNC_ID': 'INS_NV_CMPX', 'FUNC_NM': '네이버 부동산 단지 삽입', 'ACT_ID': 'NV_IN_CMPX', 'ACT_NM': '네이버단지삽입', 'F.FUNC_ID': 'INS_NV_CMPX', 'F.FUNC_NM': '네이버 부동산 단지 삽입'}]####################
[2020-01-14 20:09:31,355][ERROR|REP_JOB.py:65] >> ####################ERROR[doJOB : NVIN001]####################
[2020-01-14 20:09:34,168][INFO|REP_JOB.py:12] >> ####################START[doJOB : NVIN001]####################
[2020-01-14 20:09:35,871][INFO|REP_JOB.py:19] >> ####################START[doFunc : {'JOB_ID': 'NVIN001', 'JOB_NM': '네이버부동산 삽입', 'FUNC_ID': 'INS_NV_CMPX', 'FUNC_NM': '네이버 부동산 단지 삽입', 'ACT_ID': 'NV_IN_CMPX', 'ACT_NM': '네이버단지삽입', 'F.FUNC_ID': 'INS_NV_CMPX', 'F.FUNC_NM': '네이버 부동산 단지 삽입'}]####################
[2020-01-14 20:09:35,871][ERROR|REP_JOB.py:65] >> ####################ERROR[doJOB : NVIN001]####################
[2020-01-14 20:09:38,590][INFO|REP_JOB.py:12] >> ####################START[doJOB : NVIN001]####################
[2020-01-14 20:09:40,277][INFO|REP_JOB.py:19] >> ####################START[doFunc : {'JOB_ID': 'NVIN001', 'JOB_NM': '네이버부동산 삽입', 'FUNC_ID': 'INS_NV_CMPX', 'FUNC_NM': '네이버 부동산 단지 삽입', 'ACT_ID': 'NV_IN_CMPX', 'ACT_NM': '네이버단지삽입', 'F.FUNC_ID': 'INS_NV_CMPX', 'F.FUNC_NM': '네이버 부동산 단지 삽입'}]####################
[2020-01-14 20:09:40,277][ERROR|REP_JOB.py:65] >> ####################ERROR[doJOB : NVIN001]####################
[2020-01-14 20:09:42,965][INFO|REP_JOB.py:12] >> ####################START[doJOB : NVIN001]####################
[2020-01-14 20:09:44,637][INFO|REP_JOB.py:19] >> ####################START[doFunc : {'JOB_ID': 'NVIN001', 'JOB_NM': '네이버부동산 삽입', 'FUNC_ID': 'INS_NV_CMPX', 'FUNC_NM': '네이버 부동산 단지 삽입', 'ACT_ID': 'NV_IN_CMPX', 'ACT_NM': '네이버단지삽입', 'F.FUNC_ID': 'INS_NV_CMPX', 'F.FUNC_NM': '네이버 부동산 단지 삽입'}]####################
[2020-01-14 20:09:44,637][ERROR|REP_JOB.py:65] >> ####################ERROR[doJOB : NVIN001]####################
[2020-01-14 20:09:47,340][INFO|REP_JOB.py:12] >> ####################START[doJOB : NVIN001]####################
[2020-01-14 20:09:50,059][INFO|REP_JOB.py:19] >> ####################START[doFunc : {'JOB_ID': 'NVIN001', 'JOB_NM': '네이버부동산 삽입', 'FUNC_ID': 'INS_NV_CMPX', 'FUNC_NM': '네이버 부동산 단지 삽입', 'ACT_ID': 'NV_IN_CMPX', 'ACT_NM': '네이버단지삽입', 'F.FUNC_ID': 'INS_NV_CMPX', 'F.FUNC_NM': '네이버 부동산 단지 삽입'}]####################
[2020-01-14 20:09:50,059][ERROR|REP_JOB.py:65] >> ####################ERROR[doJOB : NVIN001]####################
[2020-01-14 20:09:52,731][INFO|REP_JOB.py:12] >> ####################START[doJOB : NVIN001]####################
[2020-01-14 20:09:54,403][INFO|REP_JOB.py:19] >> ####################START[doFunc : {'JOB_ID': 'NVIN001', 'JOB_NM': '네이버부동산 삽입', 'FUNC_ID': 'INS_NV_CMPX', 'FUNC_NM': '네이버 부동산 단지 삽입', 'ACT_ID': 'NV_IN_CMPX', 'ACT_NM': '네이버단지삽입', 'F.FUNC_ID': 'INS_NV_CMPX', 'F.FUNC_NM': '네이버 부동산 단지 삽입'}]####################
[2020-01-14 20:09:54,403][ERROR|REP_JOB.py:65] >> ####################ERROR[doJOB : NVIN001]####################
[2020-01-14 20:09:57,325][INFO|REP_JOB.py:12] >> ####################START[doJOB : NVIN001]####################
[2020-01-14 20:09:58,997][INFO|REP_JOB.py:19] >> ####################START[doFunc : {'JOB_ID': 'NVIN001', 'JOB_NM': '네이버부동산 삽입', 'FUNC_ID': 'INS_NV_CMPX', 'FUNC_NM': '네이버 부동산 단지 삽입', 'ACT_ID': 'NV_IN_CMPX', 'ACT_NM': '네이버단지삽입', 'F.FUNC_ID': 'INS_NV_CMPX', 'F.FUNC_NM': '네이버 부동산 단지 삽입'}]####################
[2020-01-14 20:09:58,997][ERROR|REP_JOB.py:65] >> ####################ERROR[doJOB : NVIN001]####################
[2020-01-14 20:10:01,694][INFO|REP_JOB.py:12] >> ####################START[doJOB : NVIN001]####################
[2020-01-14 20:10:03,398][INFO|REP_JOB.py:19] >> ####################START[doFunc : {'JOB_ID': 'NVIN001', 'JOB_NM': '네이버부동산 삽입', 'FUNC_ID': 'INS_NV_CMPX', 'FUNC_NM': '네이버 부동산 단지 삽입', 'ACT_ID': 'NV_IN_CMPX', 'ACT_NM': '네이버단지삽입', 'F.FUNC_ID': 'INS_NV_CMPX', 'F.FUNC_NM': '네이버 부동산 단지 삽입'}]####################
[2020-01-14 20:10:03,398][ERROR|REP_JOB.py:65] >> ####################ERROR[doJOB : NVIN001]####################
