[2020-01-13 01:04:26,445][INFO|REP_JOB.py:177] >> ####################START[doSchedule]####################
[2020-01-13 01:04:28,122][INFO|REP_JOB.py:146] >> ####################START[setJob]####################
[2020-01-13 01:04:28,128][INFO|REP_JOB.py:148] >> [{'JOB_ID': 'NVIN001', 'JOB_SEQ': Decimal('1'), 'EXEC_PERD_CD': 'DD', 'EXEC_MM': '', 'EXEC_DD': '', 'EXEC_HH': '00', 'EXEC_MI': '00', 'EXEC_DAY_CD': '', 'CYCL_MI': ''}]
[2020-01-13 01:04:28,129][INFO|REP_JOB.py:174] >> ####################END[setJob]####################
[2020-01-13 01:04:28,134][INFO|REP_JOB.py:12] >> ####################START[doJOB : NVIN001]####################
[2020-01-13 01:04:29,777][INFO|REP_JOB.py:36] >> ####################START[doFunc : {'JOB_ID': 'NVIN001', 'JOB_NM': '네이버부동산 삽입', 'FUNC_ID': 'INS_NV_CMPX', 'FUNC_NM': '네이버 부동산 단지 삽입', 'ACT_ID': 'NV_IN_CMPX', 'ACT_NM': '네이버단지삽입', 'F.FUNC_ID': 'INS_NV_CMPX', 'F.FUNC_NM': '네이버 부동산 단지 삽입'}]####################
[2020-01-13 01:04:29,802][ERROR|REP_DAO.py:132] >> ####################ERROR[updateBaiscByTBLDic]####################
[2020-01-13 01:04:29,802][ERROR|REP_DAO.py:133] >> SQL ERROR :UPDATE KADM_JOB_EXEC SET  JOB_ID = 'NVIN001',  EXEC_DTM = '20200113010429',  EXEC_STAT_CD = 'T',  STA_DTM = '20200113010429',  END_DTM = 'None',  EXEC_PARM1 = 'None',  EXEC_PARM2 = 'None',  EXEC_PARM3 = 'None',  EXEC_PARM4 = 'None',  EXEC_PARM5 = 'None',  EXEC_PARM6 = 'None',  EXEC_PARM7 = 'None',  EXEC_PARM8 = 'None',  EXEC_PARM9 = 'None',  EXEC_PARM10 = 'None',  REG_USER_ID = '1000000001',  REG_DTM = 'None',  CHG_USER_ID = '1000000001',  CHG_DTM = 'None',CHG_DTM = NOW() WHERE JOB_ID = 'NVIN001' AND FUNC_ID = 'INS_NV_CMPX' AND ACT_ID = 'NV_IN_CMPX' AND EXEC_DTM = '20200113010429'
[2020-01-13 02:07:58,163][INFO|REP_JOB.py:150] >> ####################START[doSchedule]####################
[2020-01-13 02:07:59,818][INFO|REP_JOB.py:119] >> ####################START[setJob]####################
[2020-01-13 02:07:59,823][INFO|REP_JOB.py:121] >> [{'JOB_ID': 'NVIN001', 'JOB_SEQ': Decimal('1'), 'EXEC_PERD_CD': 'DD', 'EXEC_MM': '', 'EXEC_DD': '', 'EXEC_HH': '00', 'EXEC_MI': '00', 'EXEC_DAY_CD': '', 'CYCL_MI': ''}]
[2020-01-13 02:07:59,823][INFO|REP_JOB.py:147] >> ####################END[setJob]####################
[2020-01-13 02:07:59,839][INFO|REP_JOB.py:12] >> ####################START[doJOB : NVIN001]####################
[2020-01-13 02:08:01,468][INFO|REP_JOB.py:19] >> ####################START[doFunc : {'JOB_ID': 'NVIN001', 'JOB_NM': '네이버부동산 삽입', 'FUNC_ID': 'INS_NV_CMPX', 'FUNC_NM': '네이버 부동산 단지 삽입', 'ACT_ID': 'NV_IN_CMPX', 'ACT_NM': '네이버단지삽입', 'F.FUNC_ID': 'INS_NV_CMPX', 'F.FUNC_NM': '네이버 부동산 단지 삽입'}]####################
[2020-01-13 02:08:01,469][ERROR|REP_JOB.py:65] >> ####################ERROR[doJOB : NVIN001]####################
[2020-01-13 02:08:03,111][ERROR|REP_DAO.py:132] >> ####################ERROR[updateBaiscByTBLDic]####################
[2020-01-13 02:08:03,111][ERROR|REP_DAO.py:133] >> SQL ERROR :UPDATE KADM_JOB_EXEC SET  JOB_ID = 'NVIN001',  EXEC_DTM = '20200113020759',  EXEC_STAT_CD = 'T',  STA_DTM = 'None',  END_DTM = '20200113020803',  EXEC_PARM1 = 'None',  EXEC_PARM2 = 'None',  EXEC_PARM3 = 'None',  EXEC_PARM4 = 'None',  EXEC_PARM5 = 'None',  EXEC_PARM6 = 'None',  EXEC_PARM7 = 'None',  EXEC_PARM8 = 'None',  EXEC_PARM9 = 'None',  EXEC_PARM10 = 'None',  REG_USER_ID = 'None',  REG_DTM = 'None',  CHG_USER_ID = '1000000001',  CHG_DTM = 'None',CHG_DTM = NOW() WHERE JOB_ID = 'NVIN001' AND EXEC_DTM = '20200113020759'
[2020-01-13 02:16:20,980][INFO|REP_JOB.py:150] >> ####################START[doSchedule]####################
[2020-01-13 02:16:22,616][INFO|REP_JOB.py:119] >> ####################START[setJob]####################
[2020-01-13 02:16:22,625][INFO|REP_JOB.py:121] >> [{'JOB_ID': 'NVIN001', 'JOB_SEQ': Decimal('1'), 'EXEC_PERD_CD': 'DD', 'EXEC_MM': '', 'EXEC_DD': '', 'EXEC_HH': '00', 'EXEC_MI': '00', 'EXEC_DAY_CD': '', 'CYCL_MI': ''}]
[2020-01-13 02:16:22,626][INFO|REP_JOB.py:147] >> ####################END[setJob]####################
[2020-01-13 02:16:22,644][INFO|REP_JOB.py:12] >> ####################START[doJOB : NVIN001]####################
[2020-01-13 02:16:24,278][INFO|REP_JOB.py:19] >> ####################START[doFunc : {'JOB_ID': 'NVIN001', 'JOB_NM': '네이버부동산 삽입', 'FUNC_ID': 'INS_NV_CMPX', 'FUNC_NM': '네이버 부동산 단지 삽입', 'ACT_ID': 'NV_IN_CMPX', 'ACT_NM': '네이버단지삽입', 'F.FUNC_ID': 'INS_NV_CMPX', 'F.FUNC_NM': '네이버 부동산 단지 삽입'}]####################
[2020-01-13 02:16:24,278][ERROR|REP_JOB.py:65] >> ####################ERROR[doJOB : NVIN001]####################
[2020-01-13 02:16:26,957][ERROR|REP_DAO.py:132] >> ####################ERROR[updateBaiscByTBLDic]####################
[2020-01-13 02:16:26,962][ERROR|REP_DAO.py:132] >> ####################ERROR[updateBaiscByTBLDic]####################
[2020-01-13 02:18:23,429][INFO|REP_JOB.py:150] >> ####################START[doSchedule]####################
[2020-01-13 02:18:25,873][INFO|REP_JOB.py:119] >> ####################START[setJob]####################
[2020-01-13 02:18:25,884][INFO|REP_JOB.py:121] >> [{'JOB_ID': 'NVIN001', 'JOB_SEQ': Decimal('1'), 'EXEC_PERD_CD': 'DD', 'EXEC_MM': '', 'EXEC_DD': '', 'EXEC_HH': '00', 'EXEC_MI': '00', 'EXEC_DAY_CD': '', 'CYCL_MI': ''}]
[2020-01-13 02:18:25,884][INFO|REP_JOB.py:147] >> ####################END[setJob]####################
[2020-01-13 02:18:25,900][INFO|REP_JOB.py:12] >> ####################START[doJOB : NVIN001]####################
[2020-01-13 02:18:27,527][INFO|REP_JOB.py:19] >> ####################START[doFunc : {'JOB_ID': 'NVIN001', 'JOB_NM': '네이버부동산 삽입', 'FUNC_ID': 'INS_NV_CMPX', 'FUNC_NM': '네이버 부동산 단지 삽입', 'ACT_ID': 'NV_IN_CMPX', 'ACT_NM': '네이버단지삽입', 'F.FUNC_ID': 'INS_NV_CMPX', 'F.FUNC_NM': '네이버 부동산 단지 삽입'}]####################
[2020-01-13 02:18:27,527][ERROR|REP_JOB.py:65] >> ####################ERROR[doJOB : NVIN001]####################
[2020-01-13 02:20:10,642][INFO|REP_JOB.py:150] >> ####################START[doSchedule]####################
[2020-01-13 02:20:12,292][INFO|REP_JOB.py:119] >> ####################START[setJob]####################
[2020-01-13 02:20:12,299][INFO|REP_JOB.py:121] >> [{'JOB_ID': 'NVIN001', 'JOB_SEQ': Decimal('1'), 'EXEC_PERD_CD': 'DD', 'EXEC_MM': '', 'EXEC_DD': '', 'EXEC_HH': '00', 'EXEC_MI': '00', 'EXEC_DAY_CD': '', 'CYCL_MI': ''}]
[2020-01-13 02:20:12,301][INFO|REP_JOB.py:147] >> ####################END[setJob]####################
[2020-01-13 02:20:38,214][INFO|REP_JOB.py:12] >> ####################START[doJOB : NVIN001]####################
[2020-01-13 02:20:39,855][INFO|REP_JOB.py:19] >> ####################START[doFunc : {'JOB_ID': 'NVIN001', 'JOB_NM': '네이버부동산 삽입', 'FUNC_ID': 'INS_NV_CMPX', 'FUNC_NM': '네이버 부동산 단지 삽입', 'ACT_ID': 'NV_IN_CMPX', 'ACT_NM': '네이버단지삽입', 'F.FUNC_ID': 'INS_NV_CMPX', 'F.FUNC_NM': '네이버 부동산 단지 삽입'}]####################
[2020-01-13 02:20:39,855][ERROR|REP_JOB.py:65] >> ####################ERROR[doJOB : NVIN001]####################
[2020-01-13 02:24:48,534][INFO|REP_JOB.py:150] >> ####################START[doSchedule]####################
[2020-01-13 02:24:50,179][INFO|REP_JOB.py:119] >> ####################START[setJob]####################
[2020-01-13 02:24:50,184][INFO|REP_JOB.py:121] >> [{'JOB_ID': 'NVIN001', 'JOB_SEQ': Decimal('1'), 'EXEC_PERD_CD': 'DD', 'EXEC_MM': '', 'EXEC_DD': '', 'EXEC_HH': '00', 'EXEC_MI': '00', 'EXEC_DAY_CD': '', 'CYCL_MI': ''}]
[2020-01-13 02:24:50,185][INFO|REP_JOB.py:147] >> ####################END[setJob]####################
[2020-01-13 02:24:50,211][INFO|REP_JOB.py:12] >> ####################START[doJOB : NVIN001]####################
[2020-01-13 02:24:51,881][INFO|REP_JOB.py:19] >> ####################START[doFunc : {'JOB_ID': 'NVIN001', 'JOB_NM': '네이버부동산 삽입', 'FUNC_ID': 'INS_NV_CMPX', 'FUNC_NM': '네이버 부동산 단지 삽입', 'ACT_ID': 'NV_IN_CMPX', 'ACT_NM': '네이버단지삽입', 'F.FUNC_ID': 'INS_NV_CMPX', 'F.FUNC_NM': '네이버 부동산 단지 삽입'}]####################
[2020-01-13 02:24:51,882][ERROR|REP_JOB.py:65] >> ####################ERROR[doJOB : NVIN001]####################
[2020-01-13 02:24:54,527][INFO|REP_JOB.py:12] >> ####################START[doJOB : NVIN001]####################
[2020-01-13 02:24:56,183][INFO|REP_JOB.py:19] >> ####################START[doFunc : {'JOB_ID': 'NVIN001', 'JOB_NM': '네이버부동산 삽입', 'FUNC_ID': 'INS_NV_CMPX', 'FUNC_NM': '네이버 부동산 단지 삽입', 'ACT_ID': 'NV_IN_CMPX', 'ACT_NM': '네이버단지삽입', 'F.FUNC_ID': 'INS_NV_CMPX', 'F.FUNC_NM': '네이버 부동산 단지 삽입'}]####################
[2020-01-13 02:24:56,183][ERROR|REP_JOB.py:65] >> ####################ERROR[doJOB : NVIN001]####################
[2020-01-13 02:24:58,834][INFO|REP_JOB.py:12] >> ####################START[doJOB : NVIN001]####################
[2020-01-13 02:25:00,464][INFO|REP_JOB.py:19] >> ####################START[doFunc : {'JOB_ID': 'NVIN001', 'JOB_NM': '네이버부동산 삽입', 'FUNC_ID': 'INS_NV_CMPX', 'FUNC_NM': '네이버 부동산 단지 삽입', 'ACT_ID': 'NV_IN_CMPX', 'ACT_NM': '네이버단지삽입', 'F.FUNC_ID': 'INS_NV_CMPX', 'F.FUNC_NM': '네이버 부동산 단지 삽입'}]####################
[2020-01-13 02:25:00,464][ERROR|REP_JOB.py:65] >> ####################ERROR[doJOB : NVIN001]####################
[2020-01-13 02:26:04,221][INFO|REP_JOB.py:150] >> ####################START[doSchedule]####################
[2020-01-13 02:26:05,852][INFO|REP_JOB.py:119] >> ####################START[setJob]####################
[2020-01-13 02:26:05,857][INFO|REP_JOB.py:121] >> [{'JOB_ID': 'NVIN001', 'JOB_SEQ': Decimal('1'), 'EXEC_PERD_CD': 'DD', 'EXEC_MM': '', 'EXEC_DD': '', 'EXEC_HH': '00', 'EXEC_MI': '00', 'EXEC_DAY_CD': '', 'CYCL_MI': ''}]
[2020-01-13 02:26:05,858][INFO|REP_JOB.py:147] >> ####################END[setJob]####################
[2020-01-13 02:26:05,872][INFO|REP_JOB.py:12] >> ####################START[doJOB : NVIN001]####################
[2020-01-13 02:26:07,500][INFO|REP_JOB.py:19] >> ####################START[doFunc : {'JOB_ID': 'NVIN001', 'JOB_NM': '네이버부동산 삽입', 'FUNC_ID': 'INS_NV_CMPX', 'FUNC_NM': '네이버 부동산 단지 삽입', 'ACT_ID': 'NV_IN_CMPX', 'ACT_NM': '네이버단지삽입', 'F.FUNC_ID': 'INS_NV_CMPX', 'F.FUNC_NM': '네이버 부동산 단지 삽입'}]####################
[2020-01-13 02:26:07,500][ERROR|REP_JOB.py:65] >> ####################ERROR[doJOB : NVIN001]####################
[2020-01-13 02:26:10,214][INFO|REP_JOB.py:12] >> ####################START[doJOB : NVIN001]####################
[2020-01-13 02:26:11,865][INFO|REP_JOB.py:19] >> ####################START[doFunc : {'JOB_ID': 'NVIN001', 'JOB_NM': '네이버부동산 삽입', 'FUNC_ID': 'INS_NV_CMPX', 'FUNC_NM': '네이버 부동산 단지 삽입', 'ACT_ID': 'NV_IN_CMPX', 'ACT_NM': '네이버단지삽입', 'F.FUNC_ID': 'INS_NV_CMPX', 'F.FUNC_NM': '네이버 부동산 단지 삽입'}]####################
[2020-01-13 02:26:11,865][ERROR|REP_JOB.py:65] >> ####################ERROR[doJOB : NVIN001]####################
[2020-01-13 02:26:14,598][INFO|REP_JOB.py:12] >> ####################START[doJOB : NVIN001]####################
[2020-01-13 02:44:05,819][INFO|REP_JOB.py:150] >> ####################START[doSchedule]####################
[2020-01-13 02:44:07,472][INFO|REP_JOB.py:119] >> ####################START[setJob]####################
[2020-01-13 02:44:07,496][INFO|REP_JOB.py:121] >> [{'JOB_ID': 'NVIN001', 'JOB_SEQ': Decimal('1'), 'EXEC_PERD_CD': 'DD', 'EXEC_MM': '', 'EXEC_DD': '', 'EXEC_HH': '00', 'EXEC_MI': '00', 'EXEC_DAY_CD': '', 'CYCL_MI': ''}]
[2020-01-13 02:44:07,496][INFO|REP_JOB.py:147] >> ####################END[setJob]####################
[2020-01-13 02:44:07,513][INFO|REP_JOB.py:12] >> ####################START[doJOB : NVIN001]####################
[2020-01-13 02:44:09,136][INFO|REP_JOB.py:19] >> ####################START[doFunc : {'JOB_ID': 'NVIN001', 'JOB_NM': '네이버부동산 삽입', 'FUNC_ID': 'INS_NV_CMPX', 'FUNC_NM': '네이버 부동산 단지 삽입', 'ACT_ID': 'NV_IN_CMPX', 'ACT_NM': '네이버단지삽입', 'F.FUNC_ID': 'INS_NV_CMPX', 'F.FUNC_NM': '네이버 부동산 단지 삽입'}]####################
[2020-01-13 02:44:09,136][ERROR|REP_JOB.py:65] >> ####################ERROR[doJOB : NVIN001]####################
[2020-01-13 02:44:11,778][INFO|REP_JOB.py:12] >> ####################START[doJOB : NVIN001]####################
[2020-01-13 02:44:13,407][INFO|REP_JOB.py:19] >> ####################START[doFunc : {'JOB_ID': 'NVIN001', 'JOB_NM': '네이버부동산 삽입', 'FUNC_ID': 'INS_NV_CMPX', 'FUNC_NM': '네이버 부동산 단지 삽입', 'ACT_ID': 'NV_IN_CMPX', 'ACT_NM': '네이버단지삽입', 'F.FUNC_ID': 'INS_NV_CMPX', 'F.FUNC_NM': '네이버 부동산 단지 삽입'}]####################
[2020-01-13 02:44:13,407][ERROR|REP_JOB.py:65] >> ####################ERROR[doJOB : NVIN001]####################
[2020-01-13 21:36:44,096][INFO|REP_JOB.py:150] >> ####################START[doSchedule]####################
[2020-01-13 21:36:54,940][INFO|REP_JOB.py:119] >> ####################START[setJob]####################
[2020-01-13 21:36:54,984][INFO|REP_JOB.py:121] >> [{'JOB_ID': 'NVIN001', 'JOB_SEQ': Decimal('1'), 'EXEC_PERD_CD': 'DD', 'EXEC_MM': '', 'EXEC_DD': '', 'EXEC_HH': '00', 'EXEC_MI': '00', 'EXEC_DAY_CD': '', 'CYCL_MI': ''}]
[2020-01-13 21:36:54,985][INFO|REP_JOB.py:147] >> ####################END[setJob]####################
[2020-01-13 21:36:55,013][INFO|REP_JOB.py:12] >> ####################START[doJOB : NVIN001]####################
[2020-01-13 21:36:56,676][INFO|REP_JOB.py:19] >> ####################START[doFunc : {'JOB_ID': 'NVIN001', 'JOB_NM': '네이버부동산 삽입', 'FUNC_ID': 'INS_NV_CMPX', 'FUNC_NM': '네이버 부동산 단지 삽입', 'ACT_ID': 'NV_IN_CMPX', 'ACT_NM': '네이버단지삽입', 'F.FUNC_ID': 'INS_NV_CMPX', 'F.FUNC_NM': '네이버 부동산 단지 삽입'}]####################
[2020-01-13 21:36:56,700][ERROR|REP_JOB.py:65] >> ####################ERROR[doJOB : NVIN001]####################
[2020-01-13 21:36:59,379][INFO|REP_JOB.py:12] >> ####################START[doJOB : NVIN001]####################
[2020-01-13 21:37:01,020][INFO|REP_JOB.py:19] >> ####################START[doFunc : {'JOB_ID': 'NVIN001', 'JOB_NM': '네이버부동산 삽입', 'FUNC_ID': 'INS_NV_CMPX', 'FUNC_NM': '네이버 부동산 단지 삽입', 'ACT_ID': 'NV_IN_CMPX', 'ACT_NM': '네이버단지삽입', 'F.FUNC_ID': 'INS_NV_CMPX', 'F.FUNC_NM': '네이버 부동산 단지 삽입'}]####################
[2020-01-13 21:37:01,020][ERROR|REP_JOB.py:65] >> ####################ERROR[doJOB : NVIN001]####################
[2020-01-13 21:37:03,706][INFO|REP_JOB.py:12] >> ####################START[doJOB : NVIN001]####################
[2020-01-13 21:37:05,336][INFO|REP_JOB.py:19] >> ####################START[doFunc : {'JOB_ID': 'NVIN001', 'JOB_NM': '네이버부동산 삽입', 'FUNC_ID': 'INS_NV_CMPX', 'FUNC_NM': '네이버 부동산 단지 삽입', 'ACT_ID': 'NV_IN_CMPX', 'ACT_NM': '네이버단지삽입', 'F.FUNC_ID': 'INS_NV_CMPX', 'F.FUNC_NM': '네이버 부동산 단지 삽입'}]####################
[2020-01-13 21:37:05,337][ERROR|REP_JOB.py:65] >> ####################ERROR[doJOB : NVIN001]####################
[2020-01-13 21:37:07,992][INFO|REP_JOB.py:12] >> ####################START[doJOB : NVIN001]####################
[2020-01-13 21:37:09,618][INFO|REP_JOB.py:19] >> ####################START[doFunc : {'JOB_ID': 'NVIN001', 'JOB_NM': '네이버부동산 삽입', 'FUNC_ID': 'INS_NV_CMPX', 'FUNC_NM': '네이버 부동산 단지 삽입', 'ACT_ID': 'NV_IN_CMPX', 'ACT_NM': '네이버단지삽입', 'F.FUNC_ID': 'INS_NV_CMPX', 'F.FUNC_NM': '네이버 부동산 단지 삽입'}]####################
[2020-01-13 21:37:09,619][ERROR|REP_JOB.py:65] >> ####################ERROR[doJOB : NVIN001]####################
[2020-01-13 21:37:12,577][INFO|REP_JOB.py:12] >> ####################START[doJOB : NVIN001]####################
[2020-01-13 21:37:14,476][INFO|REP_JOB.py:19] >> ####################START[doFunc : {'JOB_ID': 'NVIN001', 'JOB_NM': '네이버부동산 삽입', 'FUNC_ID': 'INS_NV_CMPX', 'FUNC_NM': '네이버 부동산 단지 삽입', 'ACT_ID': 'NV_IN_CMPX', 'ACT_NM': '네이버단지삽입', 'F.FUNC_ID': 'INS_NV_CMPX', 'F.FUNC_NM': '네이버 부동산 단지 삽입'}]####################
[2020-01-13 21:37:14,476][ERROR|REP_JOB.py:65] >> ####################ERROR[doJOB : NVIN001]####################
[2020-01-13 21:37:17,714][INFO|REP_JOB.py:12] >> ####################START[doJOB : NVIN001]####################
[2020-01-13 21:37:19,457][INFO|REP_JOB.py:19] >> ####################START[doFunc : {'JOB_ID': 'NVIN001', 'JOB_NM': '네이버부동산 삽입', 'FUNC_ID': 'INS_NV_CMPX', 'FUNC_NM': '네이버 부동산 단지 삽입', 'ACT_ID': 'NV_IN_CMPX', 'ACT_NM': '네이버단지삽입', 'F.FUNC_ID': 'INS_NV_CMPX', 'F.FUNC_NM': '네이버 부동산 단지 삽입'}]####################
[2020-01-13 21:37:19,458][ERROR|REP_JOB.py:65] >> ####################ERROR[doJOB : NVIN001]####################
[2020-01-13 21:37:22,394][INFO|REP_JOB.py:12] >> ####################START[doJOB : NVIN001]####################
[2020-01-13 21:37:24,090][INFO|REP_JOB.py:19] >> ####################START[doFunc : {'JOB_ID': 'NVIN001', 'JOB_NM': '네이버부동산 삽입', 'FUNC_ID': 'INS_NV_CMPX', 'FUNC_NM': '네이버 부동산 단지 삽입', 'ACT_ID': 'NV_IN_CMPX', 'ACT_NM': '네이버단지삽입', 'F.FUNC_ID': 'INS_NV_CMPX', 'F.FUNC_NM': '네이버 부동산 단지 삽입'}]####################
[2020-01-13 21:37:24,090][ERROR|REP_JOB.py:65] >> ####################ERROR[doJOB : NVIN001]####################
[2020-01-13 21:37:26,748][INFO|REP_JOB.py:12] >> ####################START[doJOB : NVIN001]####################
[2020-01-13 21:37:28,972][INFO|REP_JOB.py:19] >> ####################START[doFunc : {'JOB_ID': 'NVIN001', 'JOB_NM': '네이버부동산 삽입', 'FUNC_ID': 'INS_NV_CMPX', 'FUNC_NM': '네이버 부동산 단지 삽입', 'ACT_ID': 'NV_IN_CMPX', 'ACT_NM': '네이버단지삽입', 'F.FUNC_ID': 'INS_NV_CMPX', 'F.FUNC_NM': '네이버 부동산 단지 삽입'}]####################
[2020-01-13 21:37:28,973][ERROR|REP_JOB.py:65] >> ####################ERROR[doJOB : NVIN001]####################
[2020-01-13 21:37:31,648][INFO|REP_JOB.py:12] >> ####################START[doJOB : NVIN001]####################
[2020-01-13 21:37:33,281][INFO|REP_JOB.py:19] >> ####################START[doFunc : {'JOB_ID': 'NVIN001', 'JOB_NM': '네이버부동산 삽입', 'FUNC_ID': 'INS_NV_CMPX', 'FUNC_NM': '네이버 부동산 단지 삽입', 'ACT_ID': 'NV_IN_CMPX', 'ACT_NM': '네이버단지삽입', 'F.FUNC_ID': 'INS_NV_CMPX', 'F.FUNC_NM': '네이버 부동산 단지 삽입'}]####################
[2020-01-13 21:37:33,282][ERROR|REP_JOB.py:65] >> ####################ERROR[doJOB : NVIN001]####################
[2020-01-13 21:37:35,942][INFO|REP_JOB.py:12] >> ####################START[doJOB : NVIN001]####################
[2020-01-13 21:37:37,586][INFO|REP_JOB.py:19] >> ####################START[doFunc : {'JOB_ID': 'NVIN001', 'JOB_NM': '네이버부동산 삽입', 'FUNC_ID': 'INS_NV_CMPX', 'FUNC_NM': '네이버 부동산 단지 삽입', 'ACT_ID': 'NV_IN_CMPX', 'ACT_NM': '네이버단지삽입', 'F.FUNC_ID': 'INS_NV_CMPX', 'F.FUNC_NM': '네이버 부동산 단지 삽입'}]####################
[2020-01-13 21:37:37,587][ERROR|REP_JOB.py:65] >> ####################ERROR[doJOB : NVIN001]####################
[2020-01-13 21:37:40,265][INFO|REP_JOB.py:12] >> ####################START[doJOB : NVIN001]####################
[2020-01-13 21:37:41,918][INFO|REP_JOB.py:19] >> ####################START[doFunc : {'JOB_ID': 'NVIN001', 'JOB_NM': '네이버부동산 삽입', 'FUNC_ID': 'INS_NV_CMPX', 'FUNC_NM': '네이버 부동산 단지 삽입', 'ACT_ID': 'NV_IN_CMPX', 'ACT_NM': '네이버단지삽입', 'F.FUNC_ID': 'INS_NV_CMPX', 'F.FUNC_NM': '네이버 부동산 단지 삽입'}]####################
[2020-01-13 21:37:41,919][ERROR|REP_JOB.py:65] >> ####################ERROR[doJOB : NVIN001]####################
