[2019-12-29 00:45:23,250][DEBUG|REP_DAO.py:42] >> migNaverComplexList json Parsing Error'roadAddressPrefix'roadAddressPrefix
[2019-12-29 00:45:23,251][DEBUG|REP_DAO.py:42] >> migNaverComplexList json Parsing Error'roadAddress'roadAddress
[2019-12-29 00:45:23,252][DEBUG|REP_DAO.py:42] >> migNaverComplexList json Parsing Error'totalLeaseHouseholdCount'totalLeaseHouseholdCount
[2019-12-29 00:45:23,252][DEBUG|REP_DAO.py:42] >> migNaverComplexList json Parsing Error'batlRatio'batlRatio
[2019-12-29 00:45:23,252][DEBUG|REP_DAO.py:42] >> migNaverComplexList json Parsing Error'btlRatio'btlRatio
[2019-12-29 00:45:23,253][DEBUG|REP_DAO.py:42] >> migNaverComplexList json Parsing Error'maxSupplyArea'maxSupplyArea
[2019-12-29 00:45:23,253][DEBUG|REP_DAO.py:42] >> migNaverComplexList json Parsing Error'minSupplyArea'minSupplyArea
[2019-12-29 00:45:23,253][DEBUG|REP_DAO.py:42] >> migNaverComplexList json Parsing Error'parkingCountByHousehold'parkingCountByHousehold
[2019-12-29 00:45:23,253][DEBUG|REP_DAO.py:42] >> migNaverComplexList json Parsing Error'constructionCompanyName'constructionCompanyName
[2019-12-29 00:45:23,254][DEBUG|REP_DAO.py:42] >> migNaverComplexList json Parsing Error'heatMethodTypeCode'heatMethodTypeCode
[2019-12-29 00:45:23,255][DEBUG|REP_DAO.py:42] >> migNaverComplexList json Parsing Error'heatFuelTypeCode'heatFuelTypeCode
[2019-12-29 00:45:23,256][DEBUG|REP_DAO.py:42] >> migNaverComplexList json Parsing Error'pyoengNames'pyoengNames
[2019-12-29 00:45:23,256][DEBUG|REP_DAO.py:42] >> migNaverComplexList json Parsing Error'managementOfficeTelNo'managementOfficeTelNo
[2019-12-29 00:45:23,260][DEBUG|REP_DAO.py:42] >> migNaverComplexList json Parsing Error'buildingRegister'buildingRegister
[2019-12-29 00:45:23,279][DEBUG|REP_DAO.py:42] >> migNaverComplexList json Parsing Error'roadAddressPrefix'roadAddressPrefix
[2019-12-29 00:45:23,280][DEBUG|REP_DAO.py:42] >> migNaverComplexList json Parsing Error'roadAddress'roadAddress
[2019-12-29 00:45:23,287][DEBUG|REP_DAO.py:42] >> migNaverComplexList json Parsing Error'totalLeaseHouseholdCount'totalLeaseHouseholdCount
[2019-12-29 00:45:23,290][DEBUG|REP_DAO.py:42] >> migNaverComplexList json Parsing Error'batlRatio'batlRatio
[2019-12-29 00:45:23,291][DEBUG|REP_DAO.py:42] >> migNaverComplexList json Parsing Error'btlRatio'btlRatio
[2019-12-29 00:45:23,291][DEBUG|REP_DAO.py:42] >> migNaverComplexList json Parsing Error'maxSupplyArea'maxSupplyArea
[2019-12-29 00:45:23,293][DEBUG|REP_DAO.py:42] >> migNaverComplexList json Parsing Error'minSupplyArea'minSupplyArea
[2019-12-29 00:45:23,293][DEBUG|REP_DAO.py:42] >> migNaverComplexList json Parsing Error'parkingCountByHousehold'parkingCountByHousehold
[2019-12-29 00:45:23,293][DEBUG|REP_DAO.py:42] >> migNaverComplexList json Parsing Error'constructionCompanyName'constructionCompanyName
[2019-12-29 00:45:23,297][DEBUG|REP_DAO.py:42] >> migNaverComplexList json Parsing Error'heatMethodTypeCode'heatMethodTypeCode
[2019-12-29 00:45:23,300][DEBUG|REP_DAO.py:42] >> migNaverComplexList json Parsing Error'heatFuelTypeCode'heatFuelTypeCode
[2019-12-29 00:45:23,300][DEBUG|REP_DAO.py:42] >> migNaverComplexList json Parsing Error'pyoengNames'pyoengNames
[2019-12-29 00:45:23,303][DEBUG|REP_DAO.py:42] >> migNaverComplexList json Parsing Error'managementOfficeTelNo'managementOfficeTelNo
[2019-12-29 00:45:23,303][DEBUG|REP_DAO.py:42] >> migNaverComplexList json Parsing Error'buildingRegister'buildingRegister
[2019-12-29 00:45:25,383][DEBUG|REP_DAO.py:42] >> migNaverComplexList json Parsing Error'roadAddressPrefix'roadAddressPrefix
[2019-12-29 00:45:25,386][DEBUG|REP_DAO.py:42] >> migNaverComplexList json Parsing Error'roadAddress'roadAddress
[2019-12-29 00:45:25,386][DEBUG|REP_DAO.py:42] >> migNaverComplexList json Parsing Error'totalLeaseHouseholdCount'totalLeaseHouseholdCount
[2019-12-29 00:45:25,390][DEBUG|REP_DAO.py:42] >> migNaverComplexList json Parsing Error'batlRatio'batlRatio
[2019-12-29 00:45:25,390][DEBUG|REP_DAO.py:42] >> migNaverComplexList json Parsing Error'btlRatio'btlRatio
[2019-12-29 00:45:25,396][DEBUG|REP_DAO.py:42] >> migNaverComplexList json Parsing Error'maxSupplyArea'maxSupplyArea
[2019-12-29 00:45:25,398][DEBUG|REP_DAO.py:42] >> migNaverComplexList json Parsing Error'minSupplyArea'minSupplyArea
[2019-12-29 00:45:25,398][DEBUG|REP_DAO.py:42] >> migNaverComplexList json Parsing Error'parkingCountByHousehold'parkingCountByHousehold
[2019-12-29 00:45:25,402][DEBUG|REP_DAO.py:42] >> migNaverComplexList json Parsing Error'constructionCompanyName'constructionCompanyName
[2019-12-29 00:45:25,402][DEBUG|REP_DAO.py:42] >> migNaverComplexList json Parsing Error'heatMethodTypeCode'heatMethodTypeCode
[2019-12-29 00:45:25,403][DEBUG|REP_DAO.py:42] >> migNaverComplexList json Parsing Error'heatFuelTypeCode'heatFuelTypeCode
[2019-12-29 00:45:25,405][DEBUG|REP_DAO.py:42] >> migNaverComplexList json Parsing Error'pyoengNames'pyoengNames
[2019-12-29 00:45:25,406][DEBUG|REP_DAO.py:42] >> migNaverComplexList json Parsing Error'managementOfficeTelNo'managementOfficeTelNo
[2019-12-29 00:45:25,408][DEBUG|REP_DAO.py:42] >> migNaverComplexList json Parsing Error'buildingRegister'buildingRegister
[2019-12-29 02:00:08,137][DEBUG|REP_DAO.py:42] >> migNaverComplexList json Parsing Error'roadAddressPrefix'roadAddressPrefix
[2019-12-29 02:00:08,137][DEBUG|REP_DAO.py:42] >> migNaverComplexList json Parsing Error'roadAddress'roadAddress
[2019-12-29 02:00:08,137][DEBUG|REP_DAO.py:42] >> migNaverComplexList json Parsing Error'totalLeaseHouseholdCount'totalLeaseHouseholdCount
[2019-12-29 02:00:08,137][DEBUG|REP_DAO.py:42] >> migNaverComplexList json Parsing Error'batlRatio'batlRatio
[2019-12-29 02:00:08,137][DEBUG|REP_DAO.py:42] >> migNaverComplexList json Parsing Error'btlRatio'btlRatio
[2019-12-29 02:00:08,137][DEBUG|REP_DAO.py:42] >> migNaverComplexList json Parsing Error'maxSupplyArea'maxSupplyArea
[2019-12-29 02:00:08,137][DEBUG|REP_DAO.py:42] >> migNaverComplexList json Parsing Error'minSupplyArea'minSupplyArea
[2019-12-29 02:00:08,138][DEBUG|REP_DAO.py:42] >> migNaverComplexList json Parsing Error'parkingCountByHousehold'parkingCountByHousehold
[2019-12-29 02:00:08,138][DEBUG|REP_DAO.py:42] >> migNaverComplexList json Parsing Error'constructionCompanyName'constructionCompanyName
[2019-12-29 02:00:08,138][DEBUG|REP_DAO.py:42] >> migNaverComplexList json Parsing Error'heatMethodTypeCode'heatMethodTypeCode
[2019-12-29 02:00:08,138][DEBUG|REP_DAO.py:42] >> migNaverComplexList json Parsing Error'heatFuelTypeCode'heatFuelTypeCode
[2019-12-29 02:00:08,138][DEBUG|REP_DAO.py:42] >> migNaverComplexList json Parsing Error'pyoengNames'pyoengNames
[2019-12-29 02:00:08,138][DEBUG|REP_DAO.py:42] >> migNaverComplexList json Parsing Error'managementOfficeTelNo'managementOfficeTelNo
[2019-12-29 02:00:08,138][DEBUG|REP_DAO.py:42] >> migNaverComplexList json Parsing Error'buildingRegister'buildingRegister
[2019-12-29 02:00:08,147][DEBUG|REP_DAO.py:42] >> migNaverComplexList json Parsing Error'roadAddressPrefix'roadAddressPrefix
[2019-12-29 02:00:08,147][DEBUG|REP_DAO.py:42] >> migNaverComplexList json Parsing Error'roadAddress'roadAddress
[2019-12-29 02:00:08,147][DEBUG|REP_DAO.py:42] >> migNaverComplexList json Parsing Error'totalLeaseHouseholdCount'totalLeaseHouseholdCount
[2019-12-29 02:00:08,147][DEBUG|REP_DAO.py:42] >> migNaverComplexList json Parsing Error'batlRatio'batlRatio
[2019-12-29 02:00:08,148][DEBUG|REP_DAO.py:42] >> migNaverComplexList json Parsing Error'btlRatio'btlRatio
[2019-12-29 02:00:08,148][DEBUG|REP_DAO.py:42] >> migNaverComplexList json Parsing Error'maxSupplyArea'maxSupplyArea
[2019-12-29 02:00:08,148][DEBUG|REP_DAO.py:42] >> migNaverComplexList json Parsing Error'minSupplyArea'minSupplyArea
[2019-12-29 02:00:08,148][DEBUG|REP_DAO.py:42] >> migNaverComplexList json Parsing Error'parkingCountByHousehold'parkingCountByHousehold
[2019-12-29 02:00:08,148][DEBUG|REP_DAO.py:42] >> migNaverComplexList json Parsing Error'constructionCompanyName'constructionCompanyName
[2019-12-29 02:00:08,148][DEBUG|REP_DAO.py:42] >> migNaverComplexList json Parsing Error'heatMethodTypeCode'heatMethodTypeCode
[2019-12-29 02:00:08,148][DEBUG|REP_DAO.py:42] >> migNaverComplexList json Parsing Error'heatFuelTypeCode'heatFuelTypeCode
[2019-12-29 02:00:08,149][DEBUG|REP_DAO.py:42] >> migNaverComplexList json Parsing Error'pyoengNames'pyoengNames
[2019-12-29 02:00:08,149][DEBUG|REP_DAO.py:42] >> migNaverComplexList json Parsing Error'managementOfficeTelNo'managementOfficeTelNo
[2019-12-29 02:00:08,149][DEBUG|REP_DAO.py:42] >> migNaverComplexList json Parsing Error'buildingRegister'buildingRegister
[2019-12-29 02:00:10,217][DEBUG|REP_DAO.py:42] >> migNaverComplexList json Parsing Error'roadAddressPrefix'roadAddressPrefix
[2019-12-29 02:00:10,217][DEBUG|REP_DAO.py:42] >> migNaverComplexList json Parsing Error'roadAddress'roadAddress
[2019-12-29 02:00:10,217][DEBUG|REP_DAO.py:42] >> migNaverComplexList json Parsing Error'totalLeaseHouseholdCount'totalLeaseHouseholdCount
[2019-12-29 02:00:10,217][DEBUG|REP_DAO.py:42] >> migNaverComplexList json Parsing Error'batlRatio'batlRatio
[2019-12-29 02:00:10,217][DEBUG|REP_DAO.py:42] >> migNaverComplexList json Parsing Error'btlRatio'btlRatio
[2019-12-29 02:00:10,217][DEBUG|REP_DAO.py:42] >> migNaverComplexList json Parsing Error'maxSupplyArea'maxSupplyArea
[2019-12-29 02:00:10,217][DEBUG|REP_DAO.py:42] >> migNaverComplexList json Parsing Error'minSupplyArea'minSupplyArea
[2019-12-29 02:00:10,218][DEBUG|REP_DAO.py:42] >> migNaverComplexList json Parsing Error'parkingCountByHousehold'parkingCountByHousehold
[2019-12-29 02:00:10,218][DEBUG|REP_DAO.py:42] >> migNaverComplexList json Parsing Error'constructionCompanyName'constructionCompanyName
[2019-12-29 02:00:10,218][DEBUG|REP_DAO.py:42] >> migNaverComplexList json Parsing Error'heatMethodTypeCode'heatMethodTypeCode
[2019-12-29 02:00:10,218][DEBUG|REP_DAO.py:42] >> migNaverComplexList json Parsing Error'heatFuelTypeCode'heatFuelTypeCode
[2019-12-29 02:00:10,218][DEBUG|REP_DAO.py:42] >> migNaverComplexList json Parsing Error'pyoengNames'pyoengNames
[2019-12-29 02:00:10,218][DEBUG|REP_DAO.py:42] >> migNaverComplexList json Parsing Error'managementOfficeTelNo'managementOfficeTelNo
[2019-12-29 02:00:10,218][DEBUG|REP_DAO.py:42] >> migNaverComplexList json Parsing Error'buildingRegister'buildingRegister
[2019-12-29 02:02:56,490][DEBUG|REP_DAO.py:42] >> migNaverComplexList json Parsing Error'roadAddressPrefix'roadAddressPrefix
[2019-12-29 02:02:56,490][DEBUG|REP_DAO.py:42] >> migNaverComplexList json Parsing Error'roadAddress'roadAddress
[2019-12-29 02:02:56,490][DEBUG|REP_DAO.py:42] >> migNaverComplexList json Parsing Error'totalLeaseHouseholdCount'totalLeaseHouseholdCount
[2019-12-29 02:02:56,490][DEBUG|REP_DAO.py:42] >> migNaverComplexList json Parsing Error'batlRatio'batlRatio
[2019-12-29 02:02:56,491][DEBUG|REP_DAO.py:42] >> migNaverComplexList json Parsing Error'btlRatio'btlRatio
[2019-12-29 02:02:56,491][DEBUG|REP_DAO.py:42] >> migNaverComplexList json Parsing Error'maxSupplyArea'maxSupplyArea
[2019-12-29 02:02:56,491][DEBUG|REP_DAO.py:42] >> migNaverComplexList json Parsing Error'minSupplyArea'minSupplyArea
[2019-12-29 02:02:56,491][DEBUG|REP_DAO.py:42] >> migNaverComplexList json Parsing Error'parkingCountByHousehold'parkingCountByHousehold
[2019-12-29 02:02:56,491][DEBUG|REP_DAO.py:42] >> migNaverComplexList json Parsing Error'constructionCompanyName'constructionCompanyName
[2019-12-29 02:02:56,491][DEBUG|REP_DAO.py:42] >> migNaverComplexList json Parsing Error'heatMethodTypeCode'heatMethodTypeCode
[2019-12-29 02:02:56,491][DEBUG|REP_DAO.py:42] >> migNaverComplexList json Parsing Error'heatFuelTypeCode'heatFuelTypeCode
[2019-12-29 02:02:56,491][DEBUG|REP_DAO.py:42] >> migNaverComplexList json Parsing Error'pyoengNames'pyoengNames
[2019-12-29 02:02:56,491][DEBUG|REP_DAO.py:42] >> migNaverComplexList json Parsing Error'managementOfficeTelNo'managementOfficeTelNo
[2019-12-29 02:02:56,491][DEBUG|REP_DAO.py:42] >> migNaverComplexList json Parsing Error'buildingRegister'buildingRegister
[2019-12-29 02:02:56,498][DEBUG|REP_DAO.py:42] >> migNaverComplexList json Parsing Error'roadAddressPrefix'roadAddressPrefix
[2019-12-29 02:02:56,498][DEBUG|REP_DAO.py:42] >> migNaverComplexList json Parsing Error'roadAddress'roadAddress
[2019-12-29 02:02:56,498][DEBUG|REP_DAO.py:42] >> migNaverComplexList json Parsing Error'totalLeaseHouseholdCount'totalLeaseHouseholdCount
[2019-12-29 02:02:56,498][DEBUG|REP_DAO.py:42] >> migNaverComplexList json Parsing Error'batlRatio'batlRatio
[2019-12-29 02:02:56,499][DEBUG|REP_DAO.py:42] >> migNaverComplexList json Parsing Error'btlRatio'btlRatio
[2019-12-29 02:02:56,499][DEBUG|REP_DAO.py:42] >> migNaverComplexList json Parsing Error'maxSupplyArea'maxSupplyArea
[2019-12-29 02:02:56,499][DEBUG|REP_DAO.py:42] >> migNaverComplexList json Parsing Error'minSupplyArea'minSupplyArea
[2019-12-29 02:02:56,499][DEBUG|REP_DAO.py:42] >> migNaverComplexList json Parsing Error'parkingCountByHousehold'parkingCountByHousehold
[2019-12-29 02:02:56,499][DEBUG|REP_DAO.py:42] >> migNaverComplexList json Parsing Error'constructionCompanyName'constructionCompanyName
[2019-12-29 02:02:56,499][DEBUG|REP_DAO.py:42] >> migNaverComplexList json Parsing Error'heatMethodTypeCode'heatMethodTypeCode
[2019-12-29 02:02:56,499][DEBUG|REP_DAO.py:42] >> migNaverComplexList json Parsing Error'heatFuelTypeCode'heatFuelTypeCode
[2019-12-29 02:02:56,499][DEBUG|REP_DAO.py:42] >> migNaverComplexList json Parsing Error'pyoengNames'pyoengNames
[2019-12-29 02:02:56,499][DEBUG|REP_DAO.py:42] >> migNaverComplexList json Parsing Error'managementOfficeTelNo'managementOfficeTelNo
[2019-12-29 02:02:56,499][DEBUG|REP_DAO.py:42] >> migNaverComplexList json Parsing Error'buildingRegister'buildingRegister
[2019-12-29 02:02:58,564][DEBUG|REP_DAO.py:42] >> migNaverComplexList json Parsing Error'roadAddressPrefix'roadAddressPrefix
[2019-12-29 02:02:58,564][DEBUG|REP_DAO.py:42] >> migNaverComplexList json Parsing Error'roadAddress'roadAddress
[2019-12-29 02:02:58,564][DEBUG|REP_DAO.py:42] >> migNaverComplexList json Parsing Error'totalLeaseHouseholdCount'totalLeaseHouseholdCount
[2019-12-29 02:02:58,564][DEBUG|REP_DAO.py:42] >> migNaverComplexList json Parsing Error'batlRatio'batlRatio
[2019-12-29 02:02:58,564][DEBUG|REP_DAO.py:42] >> migNaverComplexList json Parsing Error'btlRatio'btlRatio
[2019-12-29 02:02:58,564][DEBUG|REP_DAO.py:42] >> migNaverComplexList json Parsing Error'maxSupplyArea'maxSupplyArea
[2019-12-29 02:02:58,564][DEBUG|REP_DAO.py:42] >> migNaverComplexList json Parsing Error'minSupplyArea'minSupplyArea
[2019-12-29 02:02:58,564][DEBUG|REP_DAO.py:42] >> migNaverComplexList json Parsing Error'parkingCountByHousehold'parkingCountByHousehold
[2019-12-29 02:02:58,565][DEBUG|REP_DAO.py:42] >> migNaverComplexList json Parsing Error'constructionCompanyName'constructionCompanyName
[2019-12-29 02:02:58,565][DEBUG|REP_DAO.py:42] >> migNaverComplexList json Parsing Error'heatMethodTypeCode'heatMethodTypeCode
[2019-12-29 02:02:58,565][DEBUG|REP_DAO.py:42] >> migNaverComplexList json Parsing Error'heatFuelTypeCode'heatFuelTypeCode
[2019-12-29 02:02:58,565][DEBUG|REP_DAO.py:42] >> migNaverComplexList json Parsing Error'pyoengNames'pyoengNames
[2019-12-29 02:02:58,565][DEBUG|REP_DAO.py:42] >> migNaverComplexList json Parsing Error'managementOfficeTelNo'managementOfficeTelNo
[2019-12-29 02:02:58,565][DEBUG|REP_DAO.py:42] >> migNaverComplexList json Parsing Error'buildingRegister'buildingRegister
[2019-12-29 02:05:29,930][DEBUG|REP_DAO.py:42] >> migNaverComplexList json Parsing Error'roadAddressPrefix'roadAddressPrefix
[2019-12-29 02:05:29,930][DEBUG|REP_DAO.py:42] >> migNaverComplexList json Parsing Error'roadAddress'roadAddress
[2019-12-29 02:05:29,931][DEBUG|REP_DAO.py:42] >> migNaverComplexList json Parsing Error'totalLeaseHouseholdCount'totalLeaseHouseholdCount
[2019-12-29 02:05:29,931][DEBUG|REP_DAO.py:42] >> migNaverComplexList json Parsing Error'batlRatio'batlRatio
[2019-12-29 02:05:29,931][DEBUG|REP_DAO.py:42] >> migNaverComplexList json Parsing Error'btlRatio'btlRatio
[2019-12-29 02:05:29,931][DEBUG|REP_DAO.py:42] >> migNaverComplexList json Parsing Error'maxSupplyArea'maxSupplyArea
[2019-12-29 02:05:29,931][DEBUG|REP_DAO.py:42] >> migNaverComplexList json Parsing Error'minSupplyArea'minSupplyArea
[2019-12-29 02:05:29,931][DEBUG|REP_DAO.py:42] >> migNaverComplexList json Parsing Error'parkingCountByHousehold'parkingCountByHousehold
[2019-12-29 02:05:29,931][DEBUG|REP_DAO.py:42] >> migNaverComplexList json Parsing Error'constructionCompanyName'constructionCompanyName
[2019-12-29 02:05:29,931][DEBUG|REP_DAO.py:42] >> migNaverComplexList json Parsing Error'heatMethodTypeCode'heatMethodTypeCode
[2019-12-29 02:05:29,931][DEBUG|REP_DAO.py:42] >> migNaverComplexList json Parsing Error'heatFuelTypeCode'heatFuelTypeCode
[2019-12-29 02:05:29,931][DEBUG|REP_DAO.py:42] >> migNaverComplexList json Parsing Error'pyoengNames'pyoengNames
[2019-12-29 02:05:29,931][DEBUG|REP_DAO.py:42] >> migNaverComplexList json Parsing Error'managementOfficeTelNo'managementOfficeTelNo
[2019-12-29 02:05:29,932][DEBUG|REP_DAO.py:42] >> migNaverComplexList json Parsing Error'buildingRegister'buildingRegister
[2019-12-29 02:05:29,946][DEBUG|REP_DAO.py:42] >> migNaverComplexList json Parsing Error'roadAddressPrefix'roadAddressPrefix
[2019-12-29 02:05:29,946][DEBUG|REP_DAO.py:42] >> migNaverComplexList json Parsing Error'roadAddress'roadAddress
[2019-12-29 02:05:29,946][DEBUG|REP_DAO.py:42] >> migNaverComplexList json Parsing Error'totalLeaseHouseholdCount'totalLeaseHouseholdCount
[2019-12-29 02:05:29,947][DEBUG|REP_DAO.py:42] >> migNaverComplexList json Parsing Error'batlRatio'batlRatio
[2019-12-29 02:05:29,947][DEBUG|REP_DAO.py:42] >> migNaverComplexList json Parsing Error'btlRatio'btlRatio
[2019-12-29 02:05:29,947][DEBUG|REP_DAO.py:42] >> migNaverComplexList json Parsing Error'maxSupplyArea'maxSupplyArea
[2019-12-29 02:05:29,947][DEBUG|REP_DAO.py:42] >> migNaverComplexList json Parsing Error'minSupplyArea'minSupplyArea
[2019-12-29 02:05:29,947][DEBUG|REP_DAO.py:42] >> migNaverComplexList json Parsing Error'parkingCountByHousehold'parkingCountByHousehold
[2019-12-29 02:05:29,947][DEBUG|REP_DAO.py:42] >> migNaverComplexList json Parsing Error'constructionCompanyName'constructionCompanyName
[2019-12-29 02:05:29,947][DEBUG|REP_DAO.py:42] >> migNaverComplexList json Parsing Error'heatMethodTypeCode'heatMethodTypeCode
[2019-12-29 02:05:29,947][DEBUG|REP_DAO.py:42] >> migNaverComplexList json Parsing Error'heatFuelTypeCode'heatFuelTypeCode
[2019-12-29 02:05:29,947][DEBUG|REP_DAO.py:42] >> migNaverComplexList json Parsing Error'pyoengNames'pyoengNames
[2019-12-29 02:05:29,947][DEBUG|REP_DAO.py:42] >> migNaverComplexList json Parsing Error'managementOfficeTelNo'managementOfficeTelNo
[2019-12-29 02:05:29,947][DEBUG|REP_DAO.py:42] >> migNaverComplexList json Parsing Error'buildingRegister'buildingRegister
[2019-12-29 02:08:03,856][DEBUG|REP_DAO.py:42] >> migNaverComplexList json Parsing Error'roadAddressPrefix'roadAddressPrefix
[2019-12-29 02:08:03,857][DEBUG|REP_DAO.py:42] >> migNaverComplexList json Parsing Error'roadAddress'roadAddress
[2019-12-29 02:08:03,857][DEBUG|REP_DAO.py:42] >> migNaverComplexList json Parsing Error'totalLeaseHouseholdCount'totalLeaseHouseholdCount
[2019-12-29 02:08:03,857][DEBUG|REP_DAO.py:42] >> migNaverComplexList json Parsing Error'batlRatio'batlRatio
[2019-12-29 02:08:03,857][DEBUG|REP_DAO.py:42] >> migNaverComplexList json Parsing Error'btlRatio'btlRatio
[2019-12-29 02:08:03,857][DEBUG|REP_DAO.py:42] >> migNaverComplexList json Parsing Error'maxSupplyArea'maxSupplyArea
[2019-12-29 02:08:03,858][DEBUG|REP_DAO.py:42] >> migNaverComplexList json Parsing Error'minSupplyArea'minSupplyArea
[2019-12-29 02:08:03,858][DEBUG|REP_DAO.py:42] >> migNaverComplexList json Parsing Error'parkingCountByHousehold'parkingCountByHousehold
[2019-12-29 02:08:03,858][DEBUG|REP_DAO.py:42] >> migNaverComplexList json Parsing Error'constructionCompanyName'constructionCompanyName
[2019-12-29 02:08:03,858][DEBUG|REP_DAO.py:42] >> migNaverComplexList json Parsing Error'heatMethodTypeCode'heatMethodTypeCode
[2019-12-29 02:08:03,858][DEBUG|REP_DAO.py:42] >> migNaverComplexList json Parsing Error'heatFuelTypeCode'heatFuelTypeCode
[2019-12-29 02:08:03,858][DEBUG|REP_DAO.py:42] >> migNaverComplexList json Parsing Error'pyoengNames'pyoengNames
[2019-12-29 02:08:03,858][DEBUG|REP_DAO.py:42] >> migNaverComplexList json Parsing Error'managementOfficeTelNo'managementOfficeTelNo
[2019-12-29 02:08:03,858][DEBUG|REP_DAO.py:42] >> migNaverComplexList json Parsing Error'buildingRegister'buildingRegister
[2019-12-29 02:08:03,868][DEBUG|REP_DAO.py:42] >> migNaverComplexList json Parsing Error'roadAddressPrefix'roadAddressPrefix
[2019-12-29 02:08:03,868][DEBUG|REP_DAO.py:42] >> migNaverComplexList json Parsing Error'roadAddress'roadAddress
[2019-12-29 02:08:03,868][DEBUG|REP_DAO.py:42] >> migNaverComplexList json Parsing Error'totalLeaseHouseholdCount'totalLeaseHouseholdCount
[2019-12-29 02:08:03,868][DEBUG|REP_DAO.py:42] >> migNaverComplexList json Parsing Error'batlRatio'batlRatio
[2019-12-29 02:08:03,868][DEBUG|REP_DAO.py:42] >> migNaverComplexList json Parsing Error'btlRatio'btlRatio
[2019-12-29 02:08:03,868][DEBUG|REP_DAO.py:42] >> migNaverComplexList json Parsing Error'maxSupplyArea'maxSupplyArea
[2019-12-29 02:08:03,868][DEBUG|REP_DAO.py:42] >> migNaverComplexList json Parsing Error'minSupplyArea'minSupplyArea
[2019-12-29 02:08:03,869][DEBUG|REP_DAO.py:42] >> migNaverComplexList json Parsing Error'parkingCountByHousehold'parkingCountByHousehold
[2019-12-29 02:08:03,869][DEBUG|REP_DAO.py:42] >> migNaverComplexList json Parsing Error'constructionCompanyName'constructionCompanyName
[2019-12-29 02:08:03,869][DEBUG|REP_DAO.py:42] >> migNaverComplexList json Parsing Error'heatMethodTypeCode'heatMethodTypeCode
[2019-12-29 02:08:03,869][DEBUG|REP_DAO.py:42] >> migNaverComplexList json Parsing Error'heatFuelTypeCode'heatFuelTypeCode
[2019-12-29 02:08:03,869][DEBUG|REP_DAO.py:42] >> migNaverComplexList json Parsing Error'pyoengNames'pyoengNames
[2019-12-29 02:08:03,869][DEBUG|REP_DAO.py:42] >> migNaverComplexList json Parsing Error'managementOfficeTelNo'managementOfficeTelNo
[2019-12-29 02:08:03,869][DEBUG|REP_DAO.py:42] >> migNaverComplexList json Parsing Error'buildingRegister'buildingRegister
[2019-12-29 02:08:54,947][DEBUG|REP_DAO.py:42] >> migNaverComplexList json Parsing Error'roadAddressPrefix'roadAddressPrefix
[2019-12-29 02:08:54,947][DEBUG|REP_DAO.py:42] >> migNaverComplexList json Parsing Error'roadAddress'roadAddress
[2019-12-29 02:08:54,947][DEBUG|REP_DAO.py:42] >> migNaverComplexList json Parsing Error'totalLeaseHouseholdCount'totalLeaseHouseholdCount
[2019-12-29 02:08:54,947][DEBUG|REP_DAO.py:42] >> migNaverComplexList json Parsing Error'batlRatio'batlRatio
[2019-12-29 02:08:54,947][DEBUG|REP_DAO.py:42] >> migNaverComplexList json Parsing Error'btlRatio'btlRatio
[2019-12-29 02:08:54,947][DEBUG|REP_DAO.py:42] >> migNaverComplexList json Parsing Error'maxSupplyArea'maxSupplyArea
[2019-12-29 02:08:54,947][DEBUG|REP_DAO.py:42] >> migNaverComplexList json Parsing Error'minSupplyArea'minSupplyArea
[2019-12-29 02:08:54,947][DEBUG|REP_DAO.py:42] >> migNaverComplexList json Parsing Error'parkingCountByHousehold'parkingCountByHousehold
[2019-12-29 02:08:54,947][DEBUG|REP_DAO.py:42] >> migNaverComplexList json Parsing Error'constructionCompanyName'constructionCompanyName
[2019-12-29 02:08:54,948][DEBUG|REP_DAO.py:42] >> migNaverComplexList json Parsing Error'heatMethodTypeCode'heatMethodTypeCode
[2019-12-29 02:08:54,948][DEBUG|REP_DAO.py:42] >> migNaverComplexList json Parsing Error'heatFuelTypeCode'heatFuelTypeCode
[2019-12-29 02:08:54,948][DEBUG|REP_DAO.py:42] >> migNaverComplexList json Parsing Error'pyoengNames'pyoengNames
[2019-12-29 02:08:54,948][DEBUG|REP_DAO.py:42] >> migNaverComplexList json Parsing Error'managementOfficeTelNo'managementOfficeTelNo
[2019-12-29 02:08:54,948][DEBUG|REP_DAO.py:42] >> migNaverComplexList json Parsing Error'buildingRegister'buildingRegister
[2019-12-29 02:08:54,957][DEBUG|REP_DAO.py:42] >> migNaverComplexList json Parsing Error'roadAddressPrefix'roadAddressPrefix
[2019-12-29 02:08:54,957][DEBUG|REP_DAO.py:42] >> migNaverComplexList json Parsing Error'roadAddress'roadAddress
[2019-12-29 02:08:54,957][DEBUG|REP_DAO.py:42] >> migNaverComplexList json Parsing Error'totalLeaseHouseholdCount'totalLeaseHouseholdCount
[2019-12-29 02:08:54,958][DEBUG|REP_DAO.py:42] >> migNaverComplexList json Parsing Error'batlRatio'batlRatio
[2019-12-29 02:08:54,958][DEBUG|REP_DAO.py:42] >> migNaverComplexList json Parsing Error'btlRatio'btlRatio
[2019-12-29 02:08:54,958][DEBUG|REP_DAO.py:42] >> migNaverComplexList json Parsing Error'maxSupplyArea'maxSupplyArea
[2019-12-29 02:08:54,958][DEBUG|REP_DAO.py:42] >> migNaverComplexList json Parsing Error'minSupplyArea'minSupplyArea
[2019-12-29 02:08:54,958][DEBUG|REP_DAO.py:42] >> migNaverComplexList json Parsing Error'parkingCountByHousehold'parkingCountByHousehold
[2019-12-29 02:08:54,958][DEBUG|REP_DAO.py:42] >> migNaverComplexList json Parsing Error'constructionCompanyName'constructionCompanyName
[2019-12-29 02:08:54,958][DEBUG|REP_DAO.py:42] >> migNaverComplexList json Parsing Error'heatMethodTypeCode'heatMethodTypeCode
[2019-12-29 02:08:54,958][DEBUG|REP_DAO.py:42] >> migNaverComplexList json Parsing Error'heatFuelTypeCode'heatFuelTypeCode
[2019-12-29 02:08:54,958][DEBUG|REP_DAO.py:42] >> migNaverComplexList json Parsing Error'pyoengNames'pyoengNames
[2019-12-29 02:08:54,958][DEBUG|REP_DAO.py:42] >> migNaverComplexList json Parsing Error'managementOfficeTelNo'managementOfficeTelNo
[2019-12-29 02:08:54,958][DEBUG|REP_DAO.py:42] >> migNaverComplexList json Parsing Error'buildingRegister'buildingRegister
[2019-12-29 02:20:00,194][DEBUG|REP_DAO.py:42] >> migNaverComplexList json Parsing Error'roadAddressPrefix'roadAddressPrefix
[2019-12-29 02:20:00,194][DEBUG|REP_DAO.py:42] >> migNaverComplexList json Parsing Error'roadAddress'roadAddress
[2019-12-29 02:20:00,194][DEBUG|REP_DAO.py:42] >> migNaverComplexList json Parsing Error'totalLeaseHouseholdCount'totalLeaseHouseholdCount
[2019-12-29 02:20:00,194][DEBUG|REP_DAO.py:42] >> migNaverComplexList json Parsing Error'batlRatio'batlRatio
[2019-12-29 02:20:00,194][DEBUG|REP_DAO.py:42] >> migNaverComplexList json Parsing Error'btlRatio'btlRatio
[2019-12-29 02:20:00,194][DEBUG|REP_DAO.py:42] >> migNaverComplexList json Parsing Error'maxSupplyArea'maxSupplyArea
[2019-12-29 02:20:00,194][DEBUG|REP_DAO.py:42] >> migNaverComplexList json Parsing Error'minSupplyArea'minSupplyArea
[2019-12-29 02:20:00,194][DEBUG|REP_DAO.py:42] >> migNaverComplexList json Parsing Error'parkingCountByHousehold'parkingCountByHousehold
[2019-12-29 02:20:00,194][DEBUG|REP_DAO.py:42] >> migNaverComplexList json Parsing Error'constructionCompanyName'constructionCompanyName
[2019-12-29 02:20:00,195][DEBUG|REP_DAO.py:42] >> migNaverComplexList json Parsing Error'heatMethodTypeCode'heatMethodTypeCode
[2019-12-29 02:20:00,195][DEBUG|REP_DAO.py:42] >> migNaverComplexList json Parsing Error'heatFuelTypeCode'heatFuelTypeCode
[2019-12-29 02:20:00,195][DEBUG|REP_DAO.py:42] >> migNaverComplexList json Parsing Error'pyoengNames'pyoengNames
[2019-12-29 02:20:00,195][DEBUG|REP_DAO.py:42] >> migNaverComplexList json Parsing Error'managementOfficeTelNo'managementOfficeTelNo
[2019-12-29 02:20:00,195][DEBUG|REP_DAO.py:42] >> migNaverComplexList json Parsing Error'buildingRegister'buildingRegister
[2019-12-29 02:20:00,209][DEBUG|REP_DAO.py:42] >> migNaverComplexList json Parsing Error'roadAddressPrefix'roadAddressPrefix
[2019-12-29 02:20:00,209][DEBUG|REP_DAO.py:42] >> migNaverComplexList json Parsing Error'roadAddress'roadAddress
[2019-12-29 02:20:00,209][DEBUG|REP_DAO.py:42] >> migNaverComplexList json Parsing Error'totalLeaseHouseholdCount'totalLeaseHouseholdCount
[2019-12-29 02:20:00,209][DEBUG|REP_DAO.py:42] >> migNaverComplexList json Parsing Error'batlRatio'batlRatio
[2019-12-29 02:20:00,210][DEBUG|REP_DAO.py:42] >> migNaverComplexList json Parsing Error'btlRatio'btlRatio
[2019-12-29 02:20:00,210][DEBUG|REP_DAO.py:42] >> migNaverComplexList json Parsing Error'maxSupplyArea'maxSupplyArea
[2019-12-29 02:20:00,210][DEBUG|REP_DAO.py:42] >> migNaverComplexList json Parsing Error'minSupplyArea'minSupplyArea
[2019-12-29 02:20:00,210][DEBUG|REP_DAO.py:42] >> migNaverComplexList json Parsing Error'parkingCountByHousehold'parkingCountByHousehold
[2019-12-29 02:20:00,210][DEBUG|REP_DAO.py:42] >> migNaverComplexList json Parsing Error'constructionCompanyName'constructionCompanyName
[2019-12-29 02:20:00,210][DEBUG|REP_DAO.py:42] >> migNaverComplexList json Parsing Error'heatMethodTypeCode'heatMethodTypeCode
[2019-12-29 02:20:00,210][DEBUG|REP_DAO.py:42] >> migNaverComplexList json Parsing Error'heatFuelTypeCode'heatFuelTypeCode
[2019-12-29 02:20:00,211][DEBUG|REP_DAO.py:42] >> migNaverComplexList json Parsing Error'pyoengNames'pyoengNames
[2019-12-29 02:20:00,211][DEBUG|REP_DAO.py:42] >> migNaverComplexList json Parsing Error'managementOfficeTelNo'managementOfficeTelNo
[2019-12-29 02:20:00,211][DEBUG|REP_DAO.py:42] >> migNaverComplexList json Parsing Error'buildingRegister'buildingRegister
[2019-12-29 02:20:02,278][DEBUG|REP_DAO.py:42] >> migNaverComplexList json Parsing Error'roadAddressPrefix'roadAddressPrefix
[2019-12-29 02:20:02,278][DEBUG|REP_DAO.py:42] >> migNaverComplexList json Parsing Error'roadAddress'roadAddress
[2019-12-29 02:20:02,279][DEBUG|REP_DAO.py:42] >> migNaverComplexList json Parsing Error'totalLeaseHouseholdCount'totalLeaseHouseholdCount
[2019-12-29 02:20:02,279][DEBUG|REP_DAO.py:42] >> migNaverComplexList json Parsing Error'batlRatio'batlRatio
[2019-12-29 02:20:02,279][DEBUG|REP_DAO.py:42] >> migNaverComplexList json Parsing Error'btlRatio'btlRatio
[2019-12-29 02:20:02,279][DEBUG|REP_DAO.py:42] >> migNaverComplexList json Parsing Error'maxSupplyArea'maxSupplyArea
[2019-12-29 02:20:02,279][DEBUG|REP_DAO.py:42] >> migNaverComplexList json Parsing Error'minSupplyArea'minSupplyArea
[2019-12-29 02:20:02,279][DEBUG|REP_DAO.py:42] >> migNaverComplexList json Parsing Error'parkingCountByHousehold'parkingCountByHousehold
[2019-12-29 02:20:02,279][DEBUG|REP_DAO.py:42] >> migNaverComplexList json Parsing Error'constructionCompanyName'constructionCompanyName
[2019-12-29 02:20:02,279][DEBUG|REP_DAO.py:42] >> migNaverComplexList json Parsing Error'heatMethodTypeCode'heatMethodTypeCode
[2019-12-29 02:20:02,279][DEBUG|REP_DAO.py:42] >> migNaverComplexList json Parsing Error'heatFuelTypeCode'heatFuelTypeCode
[2019-12-29 02:20:02,279][DEBUG|REP_DAO.py:42] >> migNaverComplexList json Parsing Error'pyoengNames'pyoengNames
[2019-12-29 02:20:02,279][DEBUG|REP_DAO.py:42] >> migNaverComplexList json Parsing Error'managementOfficeTelNo'managementOfficeTelNo
[2019-12-29 02:20:02,279][DEBUG|REP_DAO.py:42] >> migNaverComplexList json Parsing Error'buildingRegister'buildingRegister
