[2020-01-16 02:14:32,185][INFO|REP_JOB.py:150] >> ####################START[doSchedule]####################
[2020-01-16 02:14:33,850][INFO|REP_JOB.py:119] >> ####################START[setJob]####################
[2020-01-16 02:14:33,866][INFO|REP_JOB.py:121] >> [{'JOB_ID': 'NVIN001', 'JOB_SEQ': Decimal('1'), 'EXEC_PERD_CD': 'DD', 'EXEC_MM': '', 'EXEC_DD': '', 'EXEC_HH': '00', 'EXEC_MI': '00', 'EXEC_DAY_CD': '', 'CYCL_MI': ''}]
[2020-01-16 02:14:33,867][INFO|REP_JOB.py:147] >> ####################END[setJob]####################
[2020-01-16 02:14:33,867][INFO|REP_JOB.py:156] >> ####################START[doImidiateJOB]####################
[2020-01-16 02:14:33,890][INFO|REP_JOB.py:12] >> ####################START[doJOB : NVIN001]####################
[2020-01-16 02:14:35,512][INFO|REP_JOB.py:18] >> ####################START[doFunc : {'JOB_ID': 'NVIN001', 'JOB_NM': '네이버부동산 삽입', 'FUNC_ID': 'INS_NV_CMPX', 'FUNC_NM': '네이버 부동산 단지 삽입', 'ACT_ID': 'NV_IN_CMPX', 'ACT_NM': '네이버단지삽입', 'F.FUNC_ID': 'INS_NV_CMPX', 'F.FUNC_NM': '네이버 부동산 단지 삽입'}]####################
[2020-01-16 02:15:03,086][INFO|REP_JOB.py:150] >> ####################START[doSchedule]####################
[2020-01-16 02:15:04,713][INFO|REP_JOB.py:119] >> ####################START[setJob]####################
[2020-01-16 02:15:04,718][INFO|REP_JOB.py:121] >> [{'JOB_ID': 'NVIN001', 'JOB_SEQ': Decimal('1'), 'EXEC_PERD_CD': 'DD', 'EXEC_MM': '', 'EXEC_DD': '', 'EXEC_HH': '00', 'EXEC_MI': '00', 'EXEC_DAY_CD': '', 'CYCL_MI': ''}]
[2020-01-16 02:15:04,718][INFO|REP_JOB.py:147] >> ####################END[setJob]####################
[2020-01-16 02:15:04,718][INFO|REP_JOB.py:156] >> ####################START[doImidiateJOB]####################
[2020-01-16 02:15:04,724][ERROR|REP_JOB.py:212] >> ####################END[doImidiateJOB]####################
[2020-01-16 02:15:05,725][INFO|REP_JOB.py:156] >> ####################START[doImidiateJOB]####################
[2020-01-16 02:15:05,739][ERROR|REP_JOB.py:212] >> ####################END[doImidiateJOB]####################
[2020-01-16 02:15:06,739][INFO|REP_JOB.py:156] >> ####################START[doImidiateJOB]####################
[2020-01-16 02:15:06,745][ERROR|REP_JOB.py:212] >> ####################END[doImidiateJOB]####################
[2020-01-16 02:15:07,745][INFO|REP_JOB.py:156] >> ####################START[doImidiateJOB]####################
[2020-01-16 02:15:07,751][ERROR|REP_JOB.py:212] >> ####################END[doImidiateJOB]####################
[2020-01-16 02:15:08,753][INFO|REP_JOB.py:156] >> ####################START[doImidiateJOB]####################
[2020-01-16 02:15:08,759][ERROR|REP_JOB.py:212] >> ####################END[doImidiateJOB]####################
[2020-01-16 02:15:09,759][INFO|REP_JOB.py:156] >> ####################START[doImidiateJOB]####################
[2020-01-16 02:15:09,763][ERROR|REP_JOB.py:212] >> ####################END[doImidiateJOB]####################
[2020-01-16 02:15:10,764][INFO|REP_JOB.py:156] >> ####################START[doImidiateJOB]####################
[2020-01-16 02:15:10,770][ERROR|REP_JOB.py:212] >> ####################END[doImidiateJOB]####################
[2020-01-16 02:15:11,770][INFO|REP_JOB.py:156] >> ####################START[doImidiateJOB]####################
[2020-01-16 02:15:11,777][ERROR|REP_JOB.py:212] >> ####################END[doImidiateJOB]####################
[2020-01-16 02:15:12,778][INFO|REP_JOB.py:156] >> ####################START[doImidiateJOB]####################
[2020-01-16 02:15:12,782][ERROR|REP_JOB.py:212] >> ####################END[doImidiateJOB]####################
[2020-01-16 02:15:13,782][INFO|REP_JOB.py:156] >> ####################START[doImidiateJOB]####################
[2020-01-16 02:15:13,789][ERROR|REP_JOB.py:212] >> ####################END[doImidiateJOB]####################
[2020-01-16 02:15:14,789][INFO|REP_JOB.py:156] >> ####################START[doImidiateJOB]####################
[2020-01-16 02:15:14,796][ERROR|REP_JOB.py:212] >> ####################END[doImidiateJOB]####################
[2020-01-16 02:15:15,797][INFO|REP_JOB.py:156] >> ####################START[doImidiateJOB]####################
[2020-01-16 02:15:15,802][ERROR|REP_JOB.py:212] >> ####################END[doImidiateJOB]####################
[2020-01-16 02:15:16,803][INFO|REP_JOB.py:156] >> ####################START[doImidiateJOB]####################
[2020-01-16 02:15:16,807][ERROR|REP_JOB.py:212] >> ####################END[doImidiateJOB]####################
[2020-01-16 02:15:17,808][INFO|REP_JOB.py:156] >> ####################START[doImidiateJOB]####################
[2020-01-16 02:15:17,815][ERROR|REP_JOB.py:212] >> ####################END[doImidiateJOB]####################
[2020-01-16 02:15:18,816][INFO|REP_JOB.py:156] >> ####################START[doImidiateJOB]####################
[2020-01-16 02:15:18,820][ERROR|REP_JOB.py:212] >> ####################END[doImidiateJOB]####################
[2020-01-16 02:15:19,821][INFO|REP_JOB.py:156] >> ####################START[doImidiateJOB]####################
[2020-01-16 02:15:19,830][ERROR|REP_JOB.py:212] >> ####################END[doImidiateJOB]####################
[2020-01-16 02:15:20,831][INFO|REP_JOB.py:156] >> ####################START[doImidiateJOB]####################
[2020-01-16 02:15:20,835][ERROR|REP_JOB.py:212] >> ####################END[doImidiateJOB]####################
[2020-01-16 02:15:21,835][INFO|REP_JOB.py:156] >> ####################START[doImidiateJOB]####################
[2020-01-16 02:15:21,840][ERROR|REP_JOB.py:212] >> ####################END[doImidiateJOB]####################
[2020-01-16 02:15:22,841][INFO|REP_JOB.py:156] >> ####################START[doImidiateJOB]####################
[2020-01-16 02:15:22,869][ERROR|REP_JOB.py:212] >> ####################END[doImidiateJOB]####################
[2020-01-16 02:15:23,870][INFO|REP_JOB.py:156] >> ####################START[doImidiateJOB]####################
[2020-01-16 02:15:23,891][ERROR|REP_JOB.py:212] >> ####################END[doImidiateJOB]####################
[2020-01-16 02:15:24,893][INFO|REP_JOB.py:156] >> ####################START[doImidiateJOB]####################
[2020-01-16 02:15:24,900][ERROR|REP_JOB.py:212] >> ####################END[doImidiateJOB]####################
[2020-01-16 02:15:25,900][INFO|REP_JOB.py:156] >> ####################START[doImidiateJOB]####################
[2020-01-16 02:15:25,919][ERROR|REP_JOB.py:212] >> ####################END[doImidiateJOB]####################
[2020-01-16 02:15:26,920][INFO|REP_JOB.py:156] >> ####################START[doImidiateJOB]####################
[2020-01-16 02:15:26,924][ERROR|REP_JOB.py:212] >> ####################END[doImidiateJOB]####################
[2020-01-16 02:15:27,925][INFO|REP_JOB.py:156] >> ####################START[doImidiateJOB]####################
[2020-01-16 02:15:27,930][ERROR|REP_JOB.py:212] >> ####################END[doImidiateJOB]####################
[2020-01-16 02:15:28,931][INFO|REP_JOB.py:156] >> ####################START[doImidiateJOB]####################
[2020-01-16 02:15:28,937][ERROR|REP_JOB.py:212] >> ####################END[doImidiateJOB]####################
[2020-01-16 02:15:29,938][INFO|REP_JOB.py:156] >> ####################START[doImidiateJOB]####################
[2020-01-16 02:15:29,944][ERROR|REP_JOB.py:212] >> ####################END[doImidiateJOB]####################
